<?xml version="1.0" encoding="UTF-8"?>
<coverage generated="1770905415545" clover="3.2.0">
  <project timestamp="1770905415545" name="All files">
    <metrics statements="855" coveredstatements="818" conditionals="261" coveredconditionals="232" methods="39" coveredmethods="39" elements="1155" coveredelements="1089" complexity="0" loc="855" ncloc="855" packages="3" files="7" classes="7"/>
    <package name="hooks">
      <metrics statements="11" coveredstatements="11" conditionals="5" coveredconditionals="5" methods="1" coveredmethods="1"/>
      <file name="use-debounce.ts" path="/Volumes/LizsDisk/Mythos/apps/web/src/hooks/use-debounce.ts">
        <metrics statements="11" coveredstatements="11" conditionals="5" coveredconditionals="5" methods="1" coveredmethods="1"/>
        <line num="1" count="1" type="stmt"/>
        <line num="3" count="1" type="cond" truecount="1" falsecount="0"/>
        <line num="4" count="33" type="stmt"/>
        <line num="6" count="33" type="cond" truecount="1" falsecount="0"/>
        <line num="7" count="24" type="cond" truecount="2" falsecount="0"/>
        <line num="9" count="24" type="cond" truecount="1" falsecount="0"/>
        <line num="10" count="24" type="stmt"/>
        <line num="11" count="24" type="stmt"/>
        <line num="12" count="33" type="stmt"/>
        <line num="14" count="33" type="stmt"/>
        <line num="15" count="33" type="stmt"/>
      </file>
    </package>
    <package name="lib">
      <metrics statements="636" coveredstatements="618" conditionals="205" coveredconditionals="178" methods="33" coveredmethods="33"/>
      <file name="mastery.ts" path="/Volumes/LizsDisk/Mythos/apps/web/src/lib/mastery.ts">
        <metrics statements="120" coveredstatements="120" conditionals="51" coveredconditionals="50" methods="7" coveredmethods="7"/>
        <line num="1" count="1" type="stmt"/>
        <line num="2" count="1" type="stmt"/>
        <line num="28" count="1" type="stmt"/>
        <line num="29" count="1" type="stmt"/>
        <line num="30" count="1" type="stmt"/>
        <line num="31" count="1" type="stmt"/>
        <line num="32" count="1" type="stmt"/>
        <line num="33" count="1" type="stmt"/>
        <line num="34" count="1" type="stmt"/>
        <line num="35" count="1" type="stmt"/>
        <line num="36" count="1" type="stmt"/>
        <line num="37" count="1" type="stmt"/>
        <line num="38" count="1" type="stmt"/>
        <line num="39" count="1" type="stmt"/>
        <line num="40" count="1" type="stmt"/>
        <line num="42" count="1" type="stmt"/>
        <line num="43" count="1" type="stmt"/>
        <line num="44" count="1" type="stmt"/>
        <line num="45" count="1" type="stmt"/>
        <line num="46" count="1" type="stmt"/>
        <line num="47" count="1" type="stmt"/>
        <line num="48" count="1" type="stmt"/>
        <line num="50" count="1" type="cond" truecount="1" falsecount="0"/>
        <line num="51" count="99" type="cond" truecount="2" falsecount="0"/>
        <line num="52" count="99" type="cond" truecount="2" falsecount="0"/>
        <line num="53" count="99" type="cond" truecount="2" falsecount="0"/>
        <line num="54" count="99" type="cond" truecount="2" falsecount="0"/>
        <line num="55" count="66" type="stmt"/>
        <line num="56" count="66" type="stmt"/>
        <line num="58" count="1" type="cond" truecount="1" falsecount="0"/>
        <line num="59" count="5" type="stmt"/>
        <line num="60" count="5" type="cond" truecount="1" falsecount="0"/>
        <line num="61" count="1" type="stmt"/>
        <line num="62" count="5" type="cond" truecount="1" falsecount="0"/>
        <line num="63" count="1" type="stmt"/>
        <line num="64" count="5" type="cond" truecount="1" falsecount="0"/>
        <line num="65" count="1" type="stmt"/>
        <line num="66" count="5" type="cond" truecount="1" falsecount="0"/>
        <line num="67" count="1" type="stmt"/>
        <line num="68" count="5" type="cond" truecount="1" falsecount="0"/>
        <line num="69" count="1" type="stmt"/>
        <line num="70" count="5" type="stmt"/>
        <line num="71" count="5" type="stmt"/>
        <line num="73" count="1" type="cond" truecount="1" falsecount="0"/>
        <line num="74" count="5" type="stmt"/>
        <line num="75" count="5" type="cond" truecount="1" falsecount="0"/>
        <line num="76" count="1" type="stmt"/>
        <line num="77" count="5" type="cond" truecount="1" falsecount="0"/>
        <line num="78" count="1" type="stmt"/>
        <line num="79" count="5" type="cond" truecount="1" falsecount="0"/>
        <line num="80" count="1" type="stmt"/>
        <line num="81" count="5" type="cond" truecount="1" falsecount="0"/>
        <line num="82" count="1" type="stmt"/>
        <line num="83" count="5" type="cond" truecount="1" falsecount="0"/>
        <line num="84" count="1" type="stmt"/>
        <line num="85" count="5" type="stmt"/>
        <line num="86" count="5" type="stmt"/>
        <line num="88" count="1" type="cond" truecount="1" falsecount="0"/>
        <line num="89" count="5" type="stmt"/>
        <line num="90" count="5" type="cond" truecount="1" falsecount="0"/>
        <line num="91" count="1" type="stmt"/>
        <line num="92" count="5" type="cond" truecount="1" falsecount="0"/>
        <line num="93" count="1" type="stmt"/>
        <line num="94" count="5" type="cond" truecount="1" falsecount="0"/>
        <line num="95" count="1" type="stmt"/>
        <line num="96" count="5" type="cond" truecount="1" falsecount="0"/>
        <line num="97" count="1" type="stmt"/>
        <line num="98" count="5" type="cond" truecount="1" falsecount="0"/>
        <line num="99" count="1" type="stmt"/>
        <line num="100" count="5" type="stmt"/>
        <line num="101" count="5" type="stmt"/>
        <line num="103" count="1" type="cond" truecount="1" falsecount="0"/>
        <line num="104" count="60" type="stmt"/>
        <line num="105" count="60" type="stmt"/>
        <line num="106" count="60" type="stmt"/>
        <line num="107" count="60" type="stmt"/>
        <line num="108" count="60" type="stmt"/>
        <line num="109" count="60" type="cond" truecount="1" falsecount="0"/>
        <line num="110" count="60" type="cond" truecount="1" falsecount="0"/>
        <line num="112" count="60" type="cond" truecount="1" falsecount="0"/>
        <line num="113" count="60" type="cond" truecount="1" falsecount="0"/>
        <line num="116" count="60" type="stmt"/>
        <line num="117" count="60" type="cond" truecount="1" falsecount="1"/>
        <line num="118" count="60" type="cond" truecount="1" falsecount="0"/>
        <line num="120" count="60" type="stmt"/>
        <line num="121" count="60" type="cond" truecount="1" falsecount="0"/>
        <line num="122" count="3" type="cond" truecount="2" falsecount="0"/>
        <line num="123" count="57" type="stmt"/>
        <line num="127" count="60" type="cond" truecount="2" falsecount="0"/>
        <line num="128" count="60" type="cond" truecount="2" falsecount="0"/>
        <line num="130" count="60" type="stmt"/>
        <line num="131" count="60" type="stmt"/>
        <line num="132" count="60" type="stmt"/>
        <line num="134" count="60" type="stmt"/>
        <line num="135" count="60" type="stmt"/>
        <line num="136" count="60" type="cond" truecount="1" falsecount="0"/>
        <line num="137" count="60" type="stmt"/>
        <line num="138" count="60" type="stmt"/>
        <line num="139" count="60" type="stmt"/>
        <line num="140" count="60" type="stmt"/>
        <line num="141" count="60" type="stmt"/>
        <line num="142" count="60" type="stmt"/>
        <line num="143" count="60" type="stmt"/>
        <line num="144" count="60" type="stmt"/>
        <line num="145" count="60" type="stmt"/>
        <line num="147" count="1" type="cond" truecount="1" falsecount="0"/>
        <line num="148" count="4" type="stmt"/>
        <line num="149" count="4" type="stmt"/>
        <line num="150" count="4" type="stmt"/>
        <line num="151" count="4" type="stmt"/>
        <line num="153" count="4" type="cond" truecount="1" falsecount="0"/>
        <line num="155" count="4" type="stmt"/>
        <line num="156" count="4" type="cond" truecount="1" falsecount="0"/>
        <line num="157" count="4" type="cond" truecount="1" falsecount="0"/>
        <line num="158" count="4" type="stmt"/>
        <line num="160" count="1" type="cond" truecount="1" falsecount="0"/>
        <line num="161" count="6" type="cond" truecount="2" falsecount="0"/>
        <line num="162" count="5" type="cond" truecount="1" falsecount="0"/>
        <line num="163" count="5" type="stmt"/>
        <line num="164" count="5" type="stmt"/>
      </file>
      <file name="relationship-quiz.ts" path="/Volumes/LizsDisk/Mythos/apps/web/src/lib/relationship-quiz.ts">
        <metrics statements="201" coveredstatements="190" conditionals="66" coveredconditionals="58" methods="9" coveredmethods="9"/>
        <line num="29" count="1" type="stmt"/>
        <line num="30" count="1" type="stmt"/>
        <line num="31" count="1" type="stmt"/>
        <line num="32" count="1" type="stmt"/>
        <line num="33" count="1" type="stmt"/>
        <line num="36" count="1" type="stmt"/>
        <line num="37" count="1" type="stmt"/>
        <line num="38" count="1" type="stmt"/>
        <line num="39" count="1" type="stmt"/>
        <line num="40" count="1" type="stmt"/>
        <line num="42" count="172" type="cond" truecount="1" falsecount="0"/>
        <line num="43" count="172" type="stmt"/>
        <line num="44" count="172" type="cond" truecount="1" falsecount="0"/>
        <line num="45" count="823" type="stmt"/>
        <line num="46" count="823" type="stmt"/>
        <line num="47" count="823" type="stmt"/>
        <line num="48" count="172" type="stmt"/>
        <line num="49" count="172" type="stmt"/>
        <line num="51" count="56" type="cond" truecount="1" falsecount="0"/>
        <line num="52" count="56" type="stmt"/>
        <line num="53" count="56" type="stmt"/>
        <line num="55" count="56" type="cond" truecount="1" falsecount="0"/>
        <line num="56" count="56" type="stmt"/>
        <line num="57" count="56" type="stmt"/>
        <line num="58" count="56" type="stmt"/>
        <line num="59" count="56" type="stmt"/>
        <line num="60" count="56" type="stmt"/>
        <line num="61" count="56" type="cond" truecount="1" falsecount="0"/>
        <line num="62" count="17" type="stmt"/>
        <line num="63" count="56" type="cond" truecount="1" falsecount="0"/>
        <line num="64" count="13" type="stmt"/>
        <line num="65" count="56" type="cond" truecount="1" falsecount="0"/>
        <line num="66" count="15" type="stmt"/>
        <line num="67" count="56" type="cond" truecount="1" falsecount="0"/>
        <line num="68" count="2" type="stmt"/>
        <line num="69" count="56" type="cond" truecount="1" falsecount="0"/>
        <line num="70" count="9" type="stmt"/>
        <line num="71" count="56" type="cond" truecount="0" falsecount="1"/>
        <line num="72" count="0" type="stmt"/>
        <line num="73" count="56" type="stmt"/>
        <line num="74" count="56" type="stmt"/>
        <line num="76" count="30" type="cond" truecount="1" falsecount="0"/>
        <line num="77" count="30" type="stmt"/>
        <line num="78" count="30" type="stmt"/>
        <line num="79" count="30" type="stmt"/>
        <line num="80" count="30" type="stmt"/>
        <line num="81" count="30" type="stmt"/>
        <line num="82" count="30" type="cond" truecount="0" falsecount="1"/>
        <line num="83" count="30" type="stmt"/>
        <line num="85" count="28" type="cond" truecount="1" falsecount="0"/>
        <line num="87" count="28" type="stmt"/>
        <line num="88" count="28" type="stmt"/>
        <line num="89" count="28" type="stmt"/>
        <line num="90" count="28" type="cond" truecount="1" falsecount="0"/>
        <line num="91" count="28" type="stmt"/>
        <line num="93" count="1" type="cond" truecount="1" falsecount="0"/>
        <line num="94" count="20" type="stmt"/>
        <line num="95" count="20" type="stmt"/>
        <line num="96" count="20" type="stmt"/>
        <line num="97" count="20" type="stmt"/>
        <line num="98" count="20" type="stmt"/>
        <line num="99" count="20" type="stmt"/>
        <line num="100" count="20" type="stmt"/>
        <line num="103" count="20" type="stmt"/>
        <line num="104" count="20" type="stmt"/>
        <line num="105" count="20" type="cond" truecount="1" falsecount="0"/>
        <line num="106" count="145" type="cond" truecount="1" falsecount="0"/>
        <line num="107" count="20" type="stmt"/>
        <line num="110" count="20" type="cond" truecount="1" falsecount="0"/>
        <line num="113" count="20" type="stmt"/>
        <line num="115" count="20" type="cond" truecount="1" falsecount="0"/>
        <line num="116" count="82" type="cond" truecount="2" falsecount="0"/>
        <line num="118" count="66" type="stmt"/>
        <line num="119" count="66" type="stmt"/>
        <line num="121" count="82" type="cond" truecount="3" falsecount="0"/>
        <line num="124" count="58" type="stmt"/>
        <line num="126" count="82" type="cond" truecount="1" falsecount="0"/>
        <line num="128" count="28" type="stmt"/>
        <line num="129" count="28" type="cond" truecount="2" falsecount="0"/>
        <line num="131" count="17" type="stmt"/>
        <line num="132" count="17" type="cond" truecount="1" falsecount="1"/>
        <line num="133" count="17" type="stmt"/>
        <line num="136" count="17" type="stmt"/>
        <line num="137" count="17" type="cond" truecount="2" falsecount="0"/>
        <line num="138" count="17" type="stmt"/>
        <line num="139" count="17" type="cond" truecount="1" falsecount="0"/>
        <line num="141" count="28" type="cond" truecount="0" falsecount="1"/>
        <line num="143" count="0" type="stmt"/>
        <line num="144" count="0" type="stmt"/>
        <line num="145" count="0" type="stmt"/>
        <line num="146" count="0" type="stmt"/>
        <line num="147" count="0" type="cond" truecount="1" falsecount="0"/>
        <line num="149" count="17" type="stmt"/>
        <line num="150" count="17" type="stmt"/>
        <line num="151" count="17" type="stmt"/>
        <line num="152" count="17" type="stmt"/>
        <line num="153" count="17" type="stmt"/>
        <line num="154" count="17" type="stmt"/>
        <line num="155" count="17" type="stmt"/>
        <line num="156" count="17" type="stmt"/>
        <line num="157" count="17" type="stmt"/>
        <line num="158" count="17" type="stmt"/>
        <line num="159" count="17" type="stmt"/>
        <line num="160" count="17" type="stmt"/>
        <line num="161" count="82" type="cond" truecount="1" falsecount="0"/>
        <line num="163" count="30" type="stmt"/>
        <line num="164" count="30" type="cond" truecount="0" falsecount="1"/>
        <line num="166" count="30" type="stmt"/>
        <line num="167" count="30" type="cond" truecount="0" falsecount="1"/>
        <line num="168" count="30" type="stmt"/>
        <line num="171" count="30" type="stmt"/>
        <line num="172" count="30" type="cond" truecount="2" falsecount="0"/>
        <line num="173" count="30" type="stmt"/>
        <line num="174" count="30" type="cond" truecount="1" falsecount="0"/>
        <line num="176" count="30" type="cond" truecount="0" falsecount="1"/>
        <line num="177" count="0" type="stmt"/>
        <line num="178" count="0" type="stmt"/>
        <line num="179" count="0" type="stmt"/>
        <line num="180" count="0" type="stmt"/>
        <line num="181" count="0" type="stmt"/>
        <line num="183" count="30" type="stmt"/>
        <line num="184" count="30" type="stmt"/>
        <line num="185" count="30" type="stmt"/>
        <line num="186" count="30" type="stmt"/>
        <line num="187" count="30" type="stmt"/>
        <line num="188" count="30" type="stmt"/>
        <line num="189" count="30" type="stmt"/>
        <line num="190" count="30" type="stmt"/>
        <line num="191" count="30" type="stmt"/>
        <line num="192" count="30" type="stmt"/>
        <line num="193" count="30" type="stmt"/>
        <line num="194" count="30" type="stmt"/>
        <line num="195" count="30" type="stmt"/>
        <line num="196" count="82" type="stmt"/>
        <line num="199" count="20" type="cond" truecount="2" falsecount="0"/>
        <line num="200" count="19" type="cond" truecount="2" falsecount="0"/>
        <line num="201" count="1" type="stmt"/>
        <line num="203" count="20" type="cond" truecount="1" falsecount="0"/>
        <line num="204" count="20" type="stmt"/>
        <line num="206" count="20" type="cond" truecount="1" falsecount="0"/>
        <line num="207" count="36" type="cond" truecount="2" falsecount="0"/>
        <line num="209" count="19" type="stmt"/>
        <line num="210" count="19" type="cond" truecount="1" falsecount="1"/>
        <line num="211" count="19" type="cond" truecount="3" falsecount="0"/>
        <line num="213" count="9" type="stmt"/>
        <line num="215" count="9" type="stmt"/>
        <line num="218" count="9" type="stmt"/>
        <line num="219" count="36" type="cond" truecount="1" falsecount="0"/>
        <line num="220" count="72" type="cond" truecount="2" falsecount="0"/>
        <line num="221" count="63" type="cond" truecount="1" falsecount="0"/>
        <line num="222" count="94" type="stmt"/>
        <line num="223" count="63" type="stmt"/>
        <line num="224" count="63" type="stmt"/>
        <line num="225" count="72" type="cond" truecount="1" falsecount="0"/>
        <line num="227" count="9" type="stmt"/>
        <line num="229" count="9" type="stmt"/>
        <line num="230" count="9" type="stmt"/>
        <line num="231" count="9" type="stmt"/>
        <line num="232" count="9" type="stmt"/>
        <line num="233" count="9" type="stmt"/>
        <line num="234" count="9" type="stmt"/>
        <line num="235" count="9" type="stmt"/>
        <line num="236" count="9" type="stmt"/>
        <line num="237" count="9" type="stmt"/>
        <line num="238" count="9" type="stmt"/>
        <line num="239" count="9" type="stmt"/>
        <line num="240" count="9" type="stmt"/>
        <line num="241" count="9" type="stmt"/>
        <line num="243" count="20" type="stmt"/>
        <line num="244" count="20" type="stmt"/>
        <line num="246" count="1" type="cond" truecount="1" falsecount="0"/>
        <line num="247" count="10" type="stmt"/>
        <line num="248" count="10" type="stmt"/>
        <line num="249" count="10" type="stmt"/>
        <line num="250" count="10" type="stmt"/>
        <line num="251" count="10" type="stmt"/>
        <line num="252" count="10" type="stmt"/>
        <line num="255" count="10" type="cond" truecount="2" falsecount="0"/>
        <line num="258" count="10" type="cond" truecount="2" falsecount="0"/>
        <line num="260" count="10" type="stmt"/>
        <line num="261" count="10" type="stmt"/>
        <line num="263" count="1" type="cond" truecount="1" falsecount="0"/>
        <line num="264" count="5" type="stmt"/>
        <line num="265" count="5" type="stmt"/>
        <line num="266" count="5" type="stmt"/>
        <line num="267" count="5" type="stmt"/>
        <line num="268" count="5" type="stmt"/>
        <line num="269" count="5" type="stmt"/>
        <line num="270" count="5" type="stmt"/>
        <line num="271" count="5" type="stmt"/>
        <line num="272" count="5" type="stmt"/>
        <line num="274" count="1" type="cond" truecount="1" falsecount="0"/>
        <line num="275" count="5" type="stmt"/>
        <line num="276" count="5" type="stmt"/>
        <line num="277" count="5" type="stmt"/>
        <line num="278" count="5" type="stmt"/>
        <line num="279" count="5" type="stmt"/>
        <line num="280" count="5" type="stmt"/>
        <line num="281" count="5" type="stmt"/>
        <line num="282" count="5" type="stmt"/>
        <line num="283" count="5" type="stmt"/>
      </file>
      <file name="search.ts" path="/Volumes/LizsDisk/Mythos/apps/web/src/lib/search.ts">
        <metrics statements="204" coveredstatements="198" conditionals="69" coveredconditionals="52" methods="7" coveredmethods="7"/>
        <line num="6" count="1" type="stmt"/>
        <line num="7" count="1" type="stmt"/>
        <line num="8" count="1" type="stmt"/>
        <line num="9" count="1" type="stmt"/>
        <line num="10" count="1" type="stmt"/>
        <line num="70" count="1" type="stmt"/>
        <line num="71" count="1" type="stmt"/>
        <line num="72" count="1" type="stmt"/>
        <line num="73" count="1" type="stmt"/>
        <line num="74" count="1" type="stmt"/>
        <line num="75" count="1" type="stmt"/>
        <line num="76" count="1" type="stmt"/>
        <line num="77" count="1" type="stmt"/>
        <line num="78" count="1" type="stmt"/>
        <line num="79" count="1" type="stmt"/>
        <line num="85" count="5400" type="cond" truecount="1" falsecount="0"/>
        <line num="86" count="5400" type="stmt"/>
        <line num="87" count="5400" type="stmt"/>
        <line num="89" count="5400" type="cond" truecount="1" falsecount="0"/>
        <line num="90" count="18420" type="cond" truecount="2" falsecount="0"/>
        <line num="91" count="18375" type="stmt"/>
        <line num="94" count="18420" type="cond" truecount="1" falsecount="0"/>
        <line num="95" count="10" type="stmt"/>
        <line num="96" count="10" type="cond" truecount="1" falsecount="0"/>
        <line num="98" count="18365" type="cond" truecount="1" falsecount="0"/>
        <line num="99" count="101" type="stmt"/>
        <line num="100" count="101" type="cond" truecount="1" falsecount="0"/>
        <line num="102" count="18264" type="cond" truecount="2" falsecount="0"/>
        <line num="103" count="536" type="stmt"/>
        <line num="104" count="536" type="cond" truecount="1" falsecount="0"/>
        <line num="106" count="17728" type="cond" truecount="1" falsecount="0"/>
        <line num="107" count="61" type="stmt"/>
        <line num="108" count="61" type="stmt"/>
        <line num="109" count="18420" type="stmt"/>
        <line num="111" count="5400" type="stmt"/>
        <line num="112" count="5400" type="stmt"/>
        <line num="117" count="1" type="cond" truecount="1" falsecount="0"/>
        <line num="118" count="20" type="cond" truecount="2" falsecount="0"/>
        <line num="119" count="5" type="stmt"/>
        <line num="120" count="5" type="cond" truecount="1" falsecount="0"/>
        <line num="122" count="15" type="stmt"/>
        <line num="123" count="15" type="stmt"/>
        <line num="126" count="20" type="cond" truecount="1" falsecount="0"/>
        <line num="127" count="2220" type="cond" truecount="1" falsecount="0"/>
        <line num="128" count="2220" type="cond" truecount="0" falsecount="1"/>
        <line num="130" count="2220" type="stmt"/>
        <line num="131" count="2220" type="stmt"/>
        <line num="132" count="2220" type="stmt"/>
        <line num="133" count="2220" type="stmt"/>
        <line num="134" count="2220" type="stmt"/>
        <line num="135" count="2220" type="stmt"/>
        <line num="137" count="2220" type="cond" truecount="1" falsecount="0"/>
        <line num="138" count="383" type="cond" truecount="0" falsecount="1"/>
        <line num="139" count="383" type="stmt"/>
        <line num="140" count="383" type="stmt"/>
        <line num="141" count="383" type="stmt"/>
        <line num="142" count="383" type="stmt"/>
        <line num="143" count="383" type="stmt"/>
        <line num="144" count="383" type="cond" truecount="2" falsecount="0"/>
        <line num="145" count="383" type="stmt"/>
        <line num="146" count="383" type="stmt"/>
        <line num="147" count="383" type="stmt"/>
        <line num="148" count="2220" type="cond" truecount="1" falsecount="0"/>
        <line num="151" count="20" type="cond" truecount="1" falsecount="0"/>
        <line num="152" count="960" type="stmt"/>
        <line num="153" count="960" type="stmt"/>
        <line num="154" count="960" type="stmt"/>
        <line num="155" count="960" type="cond" truecount="0" falsecount="1"/>
        <line num="156" count="960" type="stmt"/>
        <line num="158" count="960" type="cond" truecount="1" falsecount="0"/>
        <line num="159" count="89" type="cond" truecount="0" falsecount="1"/>
        <line num="160" count="89" type="stmt"/>
        <line num="161" count="89" type="stmt"/>
        <line num="162" count="89" type="stmt"/>
        <line num="163" count="89" type="stmt"/>
        <line num="164" count="89" type="stmt"/>
        <line num="165" count="89" type="cond" truecount="2" falsecount="0"/>
        <line num="166" count="89" type="stmt"/>
        <line num="167" count="89" type="stmt"/>
        <line num="168" count="89" type="stmt"/>
        <line num="169" count="960" type="cond" truecount="1" falsecount="0"/>
        <line num="172" count="20" type="cond" truecount="1" falsecount="0"/>
        <line num="173" count="435" type="stmt"/>
        <line num="174" count="435" type="stmt"/>
        <line num="175" count="435" type="stmt"/>
        <line num="176" count="435" type="cond" truecount="0" falsecount="1"/>
        <line num="177" count="435" type="stmt"/>
        <line num="179" count="435" type="cond" truecount="1" falsecount="0"/>
        <line num="180" count="29" type="cond" truecount="0" falsecount="1"/>
        <line num="181" count="29" type="stmt"/>
        <line num="182" count="29" type="stmt"/>
        <line num="183" count="29" type="stmt"/>
        <line num="184" count="29" type="stmt"/>
        <line num="185" count="29" type="stmt"/>
        <line num="186" count="29" type="cond" truecount="0" falsecount="1"/>
        <line num="187" count="29" type="stmt"/>
        <line num="188" count="29" type="stmt"/>
        <line num="189" count="29" type="stmt"/>
        <line num="190" count="435" type="cond" truecount="1" falsecount="0"/>
        <line num="193" count="20" type="cond" truecount="1" falsecount="0"/>
        <line num="194" count="510" type="stmt"/>
        <line num="195" count="510" type="stmt"/>
        <line num="196" count="510" type="stmt"/>
        <line num="197" count="510" type="cond" truecount="0" falsecount="1"/>
        <line num="198" count="510" type="stmt"/>
        <line num="200" count="510" type="cond" truecount="1" falsecount="0"/>
        <line num="201" count="61" type="stmt"/>
        <line num="202" count="61" type="stmt"/>
        <line num="203" count="61" type="stmt"/>
        <line num="204" count="61" type="stmt"/>
        <line num="205" count="61" type="stmt"/>
        <line num="206" count="61" type="cond" truecount="0" falsecount="1"/>
        <line num="207" count="61" type="stmt"/>
        <line num="208" count="61" type="stmt"/>
        <line num="209" count="61" type="stmt"/>
        <line num="210" count="510" type="cond" truecount="1" falsecount="0"/>
        <line num="213" count="20" type="cond" truecount="1" falsecount="0"/>
        <line num="215" count="1275" type="stmt"/>
        <line num="217" count="1275" type="stmt"/>
        <line num="218" count="1275" type="stmt"/>
        <line num="219" count="1275" type="stmt"/>
        <line num="220" count="1275" type="cond" truecount="0" falsecount="1"/>
        <line num="221" count="1275" type="stmt"/>
        <line num="223" count="1275" type="cond" truecount="1" falsecount="0"/>
        <line num="224" count="70" type="cond" truecount="0" falsecount="1"/>
        <line num="225" count="70" type="cond" truecount="0" falsecount="1"/>
        <line num="226" count="70" type="stmt"/>
        <line num="227" count="70" type="stmt"/>
        <line num="228" count="70" type="stmt"/>
        <line num="229" count="70" type="stmt"/>
        <line num="230" count="70" type="stmt"/>
        <line num="231" count="70" type="cond" truecount="1" falsecount="0"/>
        <line num="232" count="50" type="cond" truecount="1" falsecount="0"/>
        <line num="233" count="20" type="cond" truecount="0" falsecount="1"/>
        <line num="234" count="70" type="stmt"/>
        <line num="235" count="70" type="stmt"/>
        <line num="236" count="70" type="stmt"/>
        <line num="237" count="1275" type="cond" truecount="1" falsecount="0"/>
        <line num="240" count="15" type="stmt"/>
        <line num="241" count="15" type="cond" truecount="1" falsecount="0"/>
        <line num="242" count="15" type="stmt"/>
        <line num="243" count="15" type="stmt"/>
        <line num="246" count="1" type="stmt"/>
        <line num="247" count="1" type="stmt"/>
        <line num="248" count="1" type="stmt"/>
        <line num="249" count="1" type="stmt"/>
        <line num="250" count="1" type="stmt"/>
        <line num="251" count="1" type="stmt"/>
        <line num="252" count="1" type="stmt"/>
        <line num="253" count="1" type="stmt"/>
        <line num="254" count="1" type="stmt"/>
        <line num="255" count="1" type="stmt"/>
        <line num="256" count="1" type="stmt"/>
        <line num="257" count="1" type="stmt"/>
        <line num="262" count="1" type="cond" truecount="1" falsecount="0"/>
        <line num="263" count="4" type="stmt"/>
        <line num="264" count="4" type="stmt"/>
        <line num="267" count="1" type="stmt"/>
        <line num="268" count="1" type="stmt"/>
        <line num="273" count="1" type="cond" truecount="1" falsecount="0"/>
        <line num="274" count="26" type="cond" truecount="0" falsecount="1"/>
        <line num="275" count="0" type="stmt"/>
        <line num="276" count="0" type="stmt"/>
        <line num="278" count="26" type="stmt"/>
        <line num="279" count="26" type="stmt"/>
        <line num="280" count="26" type="cond" truecount="2" falsecount="0"/>
        <line num="281" count="19" type="stmt"/>
        <line num="282" count="26" type="cond" truecount="2" falsecount="0"/>
        <line num="283" count="26" type="cond" truecount="1" falsecount="0"/>
        <line num="284" count="1" type="stmt"/>
        <line num="285" count="1" type="stmt"/>
        <line num="286" count="26" type="stmt"/>
        <line num="291" count="1" type="cond" truecount="1" falsecount="0"/>
        <line num="292" count="24" type="cond" truecount="1" falsecount="0"/>
        <line num="293" count="2" type="stmt"/>
        <line num="294" count="2" type="cond" truecount="1" falsecount="0"/>
        <line num="296" count="22" type="stmt"/>
        <line num="297" count="22" type="stmt"/>
        <line num="298" count="22" type="stmt"/>
        <line num="301" count="22" type="cond" truecount="1" falsecount="0"/>
        <line num="304" count="22" type="stmt"/>
        <line num="306" count="22" type="stmt"/>
        <line num="307" count="24" type="cond" truecount="0" falsecount="1"/>
        <line num="309" count="0" type="stmt"/>
        <line num="310" count="24" type="stmt"/>
        <line num="315" count="1" type="cond" truecount="1" falsecount="0"/>
        <line num="316" count="1" type="cond" truecount="0" falsecount="1"/>
        <line num="317" count="0" type="stmt"/>
        <line num="318" count="0" type="stmt"/>
        <line num="320" count="1" type="stmt"/>
        <line num="321" count="1" type="stmt"/>
        <line num="322" count="1" type="cond" truecount="0" falsecount="1"/>
        <line num="324" count="0" type="stmt"/>
        <line num="325" count="1" type="stmt"/>
        <line num="330" count="1" type="cond" truecount="1" falsecount="0"/>
        <line num="331" count="10" type="stmt"/>
        <line num="332" count="10" type="stmt"/>
        <line num="333" count="10" type="stmt"/>
        <line num="334" count="10" type="stmt"/>
        <line num="335" count="10" type="stmt"/>
        <line num="336" count="10" type="stmt"/>
        <line num="337" count="10" type="stmt"/>
        <line num="339" count="10" type="stmt"/>
        <line num="340" count="10" type="stmt"/>
      </file>
      <file name="spaced-repetition.ts" path="/Volumes/LizsDisk/Mythos/apps/web/src/lib/spaced-repetition.ts">
        <metrics statements="106" coveredstatements="105" conditionals="18" coveredconditionals="17" methods="9" coveredmethods="9"/>
        <line num="57" count="1" type="stmt"/>
        <line num="58" count="1" type="stmt"/>
        <line num="59" count="1" type="stmt"/>
        <line num="60" count="1" type="stmt"/>
        <line num="61" count="1" type="stmt"/>
        <line num="72" count="1" type="cond" truecount="1" falsecount="0"/>
        <line num="73" count="25" type="stmt"/>
        <line num="74" count="25" type="stmt"/>
        <line num="75" count="25" type="stmt"/>
        <line num="76" count="25" type="stmt"/>
        <line num="77" count="25" type="stmt"/>
        <line num="78" count="25" type="stmt"/>
        <line num="80" count="25" type="stmt"/>
        <line num="81" count="25" type="cond" truecount="1" falsecount="0"/>
        <line num="82" count="5" type="stmt"/>
        <line num="83" count="5" type="stmt"/>
        <line num="84" count="5" type="stmt"/>
        <line num="86" count="25" type="cond" truecount="1" falsecount="0"/>
        <line num="87" count="6" type="stmt"/>
        <line num="88" count="6" type="stmt"/>
        <line num="89" count="6" type="stmt"/>
        <line num="91" count="25" type="cond" truecount="1" falsecount="0"/>
        <line num="92" count="9" type="stmt"/>
        <line num="93" count="9" type="stmt"/>
        <line num="95" count="25" type="cond" truecount="1" falsecount="0"/>
        <line num="96" count="5" type="stmt"/>
        <line num="97" count="5" type="stmt"/>
        <line num="98" count="5" type="stmt"/>
        <line num="100" count="25" type="cond" truecount="0" falsecount="1"/>
        <line num="101" count="0" type="stmt"/>
        <line num="102" count="25" type="stmt"/>
        <line num="105" count="25" type="stmt"/>
        <line num="107" count="25" type="stmt"/>
        <line num="108" count="25" type="stmt"/>
        <line num="113" count="1" type="cond" truecount="1" falsecount="0"/>
        <line num="114" count="10" type="stmt"/>
        <line num="115" count="10" type="stmt"/>
        <line num="116" count="10" type="stmt"/>
        <line num="117" count="10" type="stmt"/>
        <line num="122" count="1" type="cond" truecount="1" falsecount="0"/>
        <line num="123" count="3" type="stmt"/>
        <line num="124" count="3" type="stmt"/>
        <line num="125" count="3" type="stmt"/>
        <line num="130" count="1" type="cond" truecount="1" falsecount="0"/>
        <line num="131" count="5" type="stmt"/>
        <line num="132" count="5" type="stmt"/>
        <line num="137" count="1" type="cond" truecount="1" falsecount="0"/>
        <line num="138" count="2" type="stmt"/>
        <line num="139" count="2" type="stmt"/>
        <line num="140" count="2" type="stmt"/>
        <line num="141" count="2" type="stmt"/>
        <line num="146" count="1" type="cond" truecount="1" falsecount="0"/>
        <line num="147" count="4" type="stmt"/>
        <line num="148" count="4" type="stmt"/>
        <line num="149" count="4" type="stmt"/>
        <line num="150" count="4" type="stmt"/>
        <line num="151" count="4" type="stmt"/>
        <line num="152" count="4" type="stmt"/>
        <line num="153" count="4" type="stmt"/>
        <line num="154" count="4" type="stmt"/>
        <line num="159" count="1" type="cond" truecount="1" falsecount="0"/>
        <line num="160" count="7" type="stmt"/>
        <line num="161" count="7" type="stmt"/>
        <line num="162" count="7" type="stmt"/>
        <line num="163" count="7" type="stmt"/>
        <line num="164" count="7" type="stmt"/>
        <line num="165" count="7" type="stmt"/>
        <line num="166" count="7" type="stmt"/>
        <line num="167" count="7" type="stmt"/>
        <line num="169" count="7" type="stmt"/>
        <line num="170" count="7" type="stmt"/>
        <line num="171" count="7" type="stmt"/>
        <line num="172" count="7" type="stmt"/>
        <line num="173" count="7" type="stmt"/>
        <line num="174" count="7" type="cond" truecount="2" falsecount="0"/>
        <line num="175" count="7" type="stmt"/>
        <line num="176" count="7" type="stmt"/>
        <line num="181" count="1" type="stmt"/>
        <line num="182" count="1" type="stmt"/>
        <line num="183" count="1" type="stmt"/>
        <line num="184" count="1" type="stmt"/>
        <line num="185" count="1" type="stmt"/>
        <line num="186" count="1" type="stmt"/>
        <line num="187" count="1" type="stmt"/>
        <line num="188" count="1" type="stmt"/>
        <line num="189" count="1" type="stmt"/>
        <line num="190" count="1" type="stmt"/>
        <line num="191" count="1" type="stmt"/>
        <line num="192" count="1" type="stmt"/>
        <line num="193" count="1" type="stmt"/>
        <line num="194" count="1" type="stmt"/>
        <line num="195" count="1" type="stmt"/>
        <line num="196" count="1" type="stmt"/>
        <line num="197" count="1" type="stmt"/>
        <line num="198" count="1" type="stmt"/>
        <line num="199" count="1" type="stmt"/>
        <line num="200" count="1" type="stmt"/>
        <line num="201" count="1" type="stmt"/>
        <line num="202" count="1" type="stmt"/>
        <line num="207" count="1" type="cond" truecount="1" falsecount="0"/>
        <line num="208" count="3" type="stmt"/>
        <line num="209" count="3" type="stmt"/>
        <line num="214" count="1" type="cond" truecount="1" falsecount="0"/>
        <line num="215" count="6" type="cond" truecount="2" falsecount="0"/>
        <line num="216" count="5" type="stmt"/>
        <line num="217" count="5" type="stmt"/>
      </file>
      <file name="utils.ts" path="/Volumes/LizsDisk/Mythos/apps/web/src/lib/utils.ts">
        <metrics statements="5" coveredstatements="5" conditionals="1" coveredconditionals="1" methods="1" coveredmethods="1"/>
        <line num="1" count="1" type="stmt"/>
        <line num="2" count="1" type="stmt"/>
        <line num="4" count="1" type="cond" truecount="1" falsecount="0"/>
        <line num="5" count="236" type="stmt"/>
        <line num="6" count="236" type="stmt"/>
      </file>
    </package>
    <package name="providers">
      <metrics statements="208" coveredstatements="189" conditionals="51" coveredconditionals="49" methods="5" coveredmethods="5"/>
      <file name="progress-provider.tsx" path="/Volumes/LizsDisk/Mythos/apps/web/src/providers/progress-provider.tsx">
        <metrics statements="208" coveredstatements="189" conditionals="51" coveredconditionals="49" methods="5" coveredmethods="5"/>
        <line num="3" count="1" type="stmt"/>
        <line num="44" count="1" type="stmt"/>
        <line num="46" count="1" type="stmt"/>
        <line num="47" count="1" type="stmt"/>
        <line num="48" count="1" type="stmt"/>
        <line num="49" count="1" type="stmt"/>
        <line num="50" count="1" type="stmt"/>
        <line num="51" count="1" type="stmt"/>
        <line num="52" count="1" type="stmt"/>
        <line num="53" count="1" type="stmt"/>
        <line num="54" count="1" type="stmt"/>
        <line num="55" count="1" type="stmt"/>
        <line num="56" count="1" type="stmt"/>
        <line num="57" count="1" type="stmt"/>
        <line num="59" count="1" type="stmt"/>
        <line num="61" count="23" type="cond" truecount="1" falsecount="0"/>
        <line num="62" count="23" type="stmt"/>
        <line num="63" count="23" type="stmt"/>
        <line num="65" count="23" type="cond" truecount="1" falsecount="0"/>
        <line num="66" count="23" type="stmt"/>
        <line num="67" count="23" type="stmt"/>
        <line num="68" count="23" type="stmt"/>
        <line num="69" count="23" type="stmt"/>
        <line num="71" count="23" type="cond" truecount="1" falsecount="0"/>
        <line num="72" count="23" type="cond" truecount="0" falsecount="1"/>
        <line num="73" count="23" type="stmt"/>
        <line num="74" count="23" type="stmt"/>
        <line num="75" count="23" type="cond" truecount="1" falsecount="0"/>
        <line num="76" count="11" type="stmt"/>
        <line num="78" count="11" type="stmt"/>
        <line num="79" count="11" type="cond" truecount="1" falsecount="0"/>
        <line num="80" count="12" type="stmt"/>
        <line num="81" count="23" type="cond" truecount="1" falsecount="0"/>
        <line num="82" count="1" type="stmt"/>
        <line num="83" count="1" type="stmt"/>
        <line num="84" count="23" type="stmt"/>
        <line num="86" count="51" type="cond" truecount="1" falsecount="0"/>
        <line num="87" count="51" type="stmt"/>
        <line num="88" count="51" type="stmt"/>
        <line num="89" count="51" type="cond" truecount="0" falsecount="1"/>
        <line num="91" count="0" type="stmt"/>
        <line num="92" count="51" type="stmt"/>
        <line num="94" count="1" type="cond" truecount="1" falsecount="0"/>
        <line num="95" count="83" type="stmt"/>
        <line num="96" count="83" type="stmt"/>
        <line num="99" count="83" type="cond" truecount="1" falsecount="0"/>
        <line num="100" count="23" type="stmt"/>
        <line num="101" count="23" type="stmt"/>
        <line num="102" count="83" type="stmt"/>
        <line num="105" count="83" type="cond" truecount="1" falsecount="0"/>
        <line num="106" count="74" type="cond" truecount="1" falsecount="0"/>
        <line num="107" count="51" type="stmt"/>
        <line num="108" count="51" type="stmt"/>
        <line num="109" count="83" type="stmt"/>
        <line num="112" count="83" type="cond" truecount="1" falsecount="0"/>
        <line num="113" count="46" type="cond" truecount="1" falsecount="0"/>
        <line num="114" count="23" type="stmt"/>
        <line num="115" count="23" type="stmt"/>
        <line num="117" count="83" type="stmt"/>
        <line num="119" count="83" type="cond" truecount="1" falsecount="0"/>
        <line num="120" count="23" type="cond" truecount="1" falsecount="0"/>
        <line num="121" count="23" type="stmt"/>
        <line num="122" count="23" type="stmt"/>
        <line num="125" count="23" type="cond" truecount="1" falsecount="0"/>
        <line num="126" count="7" type="stmt"/>
        <line num="127" count="7" type="cond" truecount="1" falsecount="0"/>
        <line num="130" count="23" type="cond" truecount="1" falsecount="0"/>
        <line num="131" count="1" type="stmt"/>
        <line num="132" count="1" type="stmt"/>
        <line num="133" count="1" type="stmt"/>
        <line num="134" count="1" type="stmt"/>
        <line num="135" count="1" type="stmt"/>
        <line num="136" count="1" type="cond" truecount="1" falsecount="0"/>
        <line num="139" count="23" type="cond" truecount="3" falsecount="0"/>
        <line num="140" count="1" type="stmt"/>
        <line num="141" count="1" type="stmt"/>
        <line num="142" count="1" type="stmt"/>
        <line num="143" count="1" type="stmt"/>
        <line num="145" count="1" type="stmt"/>
        <line num="146" count="1" type="cond" truecount="1" falsecount="0"/>
        <line num="149" count="14" type="stmt"/>
        <line num="150" count="14" type="stmt"/>
        <line num="151" count="14" type="stmt"/>
        <line num="152" count="14" type="stmt"/>
        <line num="153" count="14" type="stmt"/>
        <line num="154" count="23" type="stmt"/>
        <line num="155" count="83" type="stmt"/>
        <line num="157" count="83" type="cond" truecount="1" falsecount="0"/>
        <line num="158" count="3" type="stmt"/>
        <line num="159" count="3" type="cond" truecount="1" falsecount="0"/>
        <line num="161" count="3" type="cond" truecount="2" falsecount="0"/>
        <line num="162" count="1" type="stmt"/>
        <line num="163" count="1" type="stmt"/>
        <line num="164" count="1" type="stmt"/>
        <line num="165" count="1" type="stmt"/>
        <line num="166" count="1" type="stmt"/>
        <line num="167" count="1" type="cond" truecount="1" falsecount="0"/>
        <line num="168" count="2" type="stmt"/>
        <line num="169" count="3" type="stmt"/>
        <line num="170" count="3" type="stmt"/>
        <line num="171" count="83" type="stmt"/>
        <line num="173" count="83" type="cond" truecount="1" falsecount="0"/>
        <line num="174" count="1" type="cond" truecount="1" falsecount="0"/>
        <line num="175" count="1" type="stmt"/>
        <line num="176" count="1" type="stmt"/>
        <line num="177" count="1" type="stmt"/>
        <line num="178" count="83" type="stmt"/>
        <line num="180" count="83" type="cond" truecount="1" falsecount="0"/>
        <line num="181" count="4" type="cond" truecount="1" falsecount="0"/>
        <line num="182" count="4" type="cond" truecount="1" falsecount="0"/>
        <line num="183" count="1" type="stmt"/>
        <line num="184" count="1" type="cond" truecount="1" falsecount="0"/>
        <line num="185" count="3" type="stmt"/>
        <line num="186" count="3" type="stmt"/>
        <line num="187" count="3" type="stmt"/>
        <line num="188" count="3" type="stmt"/>
        <line num="189" count="4" type="stmt"/>
        <line num="190" count="83" type="stmt"/>
        <line num="192" count="83" type="cond" truecount="1" falsecount="0"/>
        <line num="193" count="3" type="cond" truecount="1" falsecount="0"/>
        <line num="194" count="3" type="cond" truecount="1" falsecount="0"/>
        <line num="195" count="1" type="stmt"/>
        <line num="196" count="1" type="cond" truecount="1" falsecount="0"/>
        <line num="197" count="2" type="stmt"/>
        <line num="198" count="2" type="stmt"/>
        <line num="199" count="2" type="stmt"/>
        <line num="200" count="2" type="stmt"/>
        <line num="201" count="3" type="stmt"/>
        <line num="202" count="83" type="stmt"/>
        <line num="204" count="83" type="stmt"/>
        <line num="205" count="0" type="stmt"/>
        <line num="206" count="0" type="stmt"/>
        <line num="207" count="0" type="stmt"/>
        <line num="208" count="0" type="stmt"/>
        <line num="209" count="0" type="stmt"/>
        <line num="210" count="0" type="stmt"/>
        <line num="211" count="0" type="stmt"/>
        <line num="212" count="0" type="stmt"/>
        <line num="213" count="0" type="stmt"/>
        <line num="214" count="83" type="stmt"/>
        <line num="216" count="83" type="stmt"/>
        <line num="217" count="0" type="stmt"/>
        <line num="218" count="0" type="stmt"/>
        <line num="219" count="0" type="stmt"/>
        <line num="220" count="0" type="stmt"/>
        <line num="221" count="0" type="stmt"/>
        <line num="222" count="0" type="stmt"/>
        <line num="223" count="0" type="stmt"/>
        <line num="224" count="0" type="stmt"/>
        <line num="225" count="0" type="stmt"/>
        <line num="226" count="83" type="stmt"/>
        <line num="228" count="83" type="cond" truecount="1" falsecount="0"/>
        <line num="229" count="3" type="cond" truecount="1" falsecount="0"/>
        <line num="230" count="3" type="stmt"/>
        <line num="231" count="3" type="stmt"/>
        <line num="232" count="3" type="stmt"/>
        <line num="233" count="3" type="cond" truecount="1" falsecount="0"/>
        <line num="234" count="3" type="stmt"/>
        <line num="235" count="3" type="stmt"/>
        <line num="236" count="83" type="stmt"/>
        <line num="238" count="83" type="cond" truecount="1" falsecount="0"/>
        <line num="239" count="3" type="cond" truecount="1" falsecount="0"/>
        <line num="240" count="3" type="cond" truecount="1" falsecount="0"/>
        <line num="241" count="1" type="stmt"/>
        <line num="242" count="1" type="cond" truecount="1" falsecount="0"/>
        <line num="243" count="2" type="stmt"/>
        <line num="244" count="2" type="stmt"/>
        <line num="245" count="2" type="stmt"/>
        <line num="246" count="2" type="stmt"/>
        <line num="247" count="2" type="stmt"/>
        <line num="248" count="3" type="stmt"/>
        <line num="249" count="83" type="stmt"/>
        <line num="251" count="83" type="cond" truecount="1" falsecount="0"/>
        <line num="252" count="2" type="stmt"/>
        <line num="253" count="2" type="stmt"/>
        <line num="254" count="2" type="cond" truecount="1" falsecount="0"/>
        <line num="255" count="1" type="cond" truecount="2" falsecount="0"/>
        <line num="256" count="1" type="stmt"/>
        <line num="258" count="2" type="stmt"/>
        <line num="259" count="2" type="stmt"/>
        <line num="260" count="2" type="stmt"/>
        <line num="261" count="2" type="stmt"/>
        <line num="262" count="2" type="stmt"/>
        <line num="263" count="2" type="stmt"/>
        <line num="264" count="2" type="stmt"/>
        <line num="265" count="2" type="stmt"/>
        <line num="266" count="2" type="stmt"/>
        <line num="267" count="2" type="stmt"/>
        <line num="268" count="2" type="stmt"/>
        <line num="269" count="83" type="stmt"/>
        <line num="271" count="83" type="stmt"/>
        <line num="272" count="83" type="stmt"/>
        <line num="273" count="83" type="stmt"/>
        <line num="274" count="83" type="stmt"/>
        <line num="275" count="83" type="stmt"/>
        <line num="276" count="83" type="stmt"/>
        <line num="277" count="83" type="stmt"/>
        <line num="278" count="83" type="stmt"/>
        <line num="279" count="83" type="stmt"/>
        <line num="280" count="83" type="stmt"/>
        <line num="281" count="83" type="stmt"/>
        <line num="282" count="83" type="stmt"/>
        <line num="283" count="83" type="stmt"/>
        <line num="284" count="83" type="stmt"/>
        <line num="285" count="83" type="stmt"/>
        <line num="287" count="83" type="stmt"/>
        <line num="288" count="83" type="stmt"/>
        <line num="290" count="83" type="stmt"/>
      </file>
    </package>
  </project>
</coverage>
