{"/Volumes/LizsDisk/Mythos/apps/web/src/hooks/use-debounce.ts": {"path":"/Volumes/LizsDisk/Mythos/apps/web/src/hooks/use-debounce.ts","all":false,"statementMap":{"0":{"start":{"line":1,"column":0},"end":{"line":1,"column":43}},"2":{"start":{"line":3,"column":0},"end":{"line":3,"column":61}},"3":{"start":{"line":4,"column":0},"end":{"line":4,"column":66}},"5":{"start":{"line":6,"column":0},"end":{"line":6,"column":21}},"6":{"start":{"line":7,"column":0},"end":{"line":7,"column":78}},"8":{"start":{"line":9,"column":0},"end":{"line":9,"column":22}},"9":{"start":{"line":10,"column":0},"end":{"line":10,"column":31}},"10":{"start":{"line":11,"column":0},"end":{"line":11,"column":9}},"11":{"start":{"line":12,"column":0},"end":{"line":12,"column":22}},"13":{"start":{"line":14,"column":0},"end":{"line":14,"column":25}},"14":{"start":{"line":15,"column":0},"end":{"line":15,"column":1}}},"s":{"0":1,"2":1,"3":33,"5":33,"6":24,"8":24,"9":24,"10":24,"11":33,"13":33,"14":33},"branchMap":{"0":{"type":"branch","line":3,"loc":{"start":{"line":3,"column":7},"end":{"line":15,"column":1}},"locations":[{"start":{"line":3,"column":7},"end":{"line":15,"column":1}}]},"1":{"type":"branch","line":6,"loc":{"start":{"line":6,"column":14},"end":{"line":12,"column":7}},"locations":[{"start":{"line":6,"column":14},"end":{"line":12,"column":7}}]},"2":{"type":"branch","line":7,"loc":{"start":{"line":7,"column":65},"end":{"line":7,"column":77}},"locations":[{"start":{"line":7,"column":65},"end":{"line":7,"column":77}}]},"3":{"type":"branch","line":7,"loc":{"start":{"line":7,"column":33},"end":{"line":7,"column":65}},"locations":[{"start":{"line":7,"column":33},"end":{"line":7,"column":65}}]},"4":{"type":"branch","line":9,"loc":{"start":{"line":9,"column":15},"end":{"line":11,"column":9}},"locations":[{"start":{"line":9,"column":15},"end":{"line":11,"column":9}}]}},"b":{"0":[33],"1":[24],"2":[2],"3":[9],"4":[24]},"fnMap":{"0":{"name":"useDebounce","decl":{"start":{"line":3,"column":7},"end":{"line":15,"column":1}},"loc":{"start":{"line":3,"column":7},"end":{"line":15,"column":1}},"line":3}},"f":{"0":33}}
,"/Volumes/LizsDisk/Mythos/apps/web/src/lib/mastery.ts": {"path":"/Volumes/LizsDisk/Mythos/apps/web/src/lib/mastery.ts","all":false,"statementMap":{"0":{"start":{"line":1,"column":0},"end":{"line":1,"column":46}},"1":{"start":{"line":2,"column":0},"end":{"line":2,"column":46}},"27":{"start":{"line":28,"column":0},"end":{"line":28,"column":48}},"28":{"start":{"line":29,"column":0},"end":{"line":29,"column":28}},"29":{"start":{"line":30,"column":0},"end":{"line":30,"column":28}},"30":{"start":{"line":31,"column":0},"end":{"line":31,"column":34}},"31":{"start":{"line":32,"column":0},"end":{"line":32,"column":28}},"32":{"start":{"line":33,"column":0},"end":{"line":33,"column":30}},"33":{"start":{"line":34,"column":0},"end":{"line":34,"column":28}},"34":{"start":{"line":35,"column":0},"end":{"line":35,"column":34}},"35":{"start":{"line":36,"column":0},"end":{"line":36,"column":32}},"36":{"start":{"line":37,"column":0},"end":{"line":37,"column":28}},"37":{"start":{"line":38,"column":0},"end":{"line":38,"column":42}},"38":{"start":{"line":39,"column":0},"end":{"line":39,"column":42}},"39":{"start":{"line":40,"column":0},"end":{"line":40,"column":2}},"41":{"start":{"line":42,"column":0},"end":{"line":42,"column":28}},"42":{"start":{"line":43,"column":0},"end":{"line":43,"column":12}},"43":{"start":{"line":44,"column":0},"end":{"line":44,"column":13}},"44":{"start":{"line":45,"column":0},"end":{"line":45,"column":13}},"45":{"start":{"line":46,"column":0},"end":{"line":46,"column":11}},"46":{"start":{"line":47,"column":0},"end":{"line":47,"column":13}},"47":{"start":{"line":48,"column":0},"end":{"line":48,"column":2}},"49":{"start":{"line":50,"column":0},"end":{"line":50,"column":65}},"50":{"start":{"line":51,"column":0},"end":{"line":51,"column":61}},"51":{"start":{"line":52,"column":0},"end":{"line":52,"column":57}},"52":{"start":{"line":53,"column":0},"end":{"line":53,"column":61}},"53":{"start":{"line":54,"column":0},"end":{"line":54,"column":61}},"54":{"start":{"line":55,"column":0},"end":{"line":55,"column":18}},"55":{"start":{"line":56,"column":0},"end":{"line":56,"column":1}},"57":{"start":{"line":58,"column":0},"end":{"line":58,"column":62}},"58":{"start":{"line":59,"column":0},"end":{"line":59,"column":18}},"59":{"start":{"line":60,"column":0},"end":{"line":60,"column":18}},"60":{"start":{"line":61,"column":0},"end":{"line":61,"column":45}},"61":{"start":{"line":62,"column":0},"end":{"line":62,"column":16}},"62":{"start":{"line":63,"column":0},"end":{"line":63,"column":44}},"63":{"start":{"line":64,"column":0},"end":{"line":64,"column":18}},"64":{"start":{"line":65,"column":0},"end":{"line":65,"column":42}},"65":{"start":{"line":66,"column":0},"end":{"line":66,"column":18}},"66":{"start":{"line":67,"column":0},"end":{"line":67,"column":44}},"67":{"start":{"line":68,"column":0},"end":{"line":68,"column":12}},"68":{"start":{"line":69,"column":0},"end":{"line":69,"column":41}},"69":{"start":{"line":70,"column":0},"end":{"line":70,"column":3}},"70":{"start":{"line":71,"column":0},"end":{"line":71,"column":1}},"72":{"start":{"line":73,"column":0},"end":{"line":73,"column":66}},"73":{"start":{"line":74,"column":0},"end":{"line":74,"column":18}},"74":{"start":{"line":75,"column":0},"end":{"line":75,"column":18}},"75":{"start":{"line":76,"column":0},"end":{"line":76,"column":31}},"76":{"start":{"line":77,"column":0},"end":{"line":77,"column":16}},"77":{"start":{"line":78,"column":0},"end":{"line":78,"column":30}},"78":{"start":{"line":79,"column":0},"end":{"line":79,"column":18}},"79":{"start":{"line":80,"column":0},"end":{"line":80,"column":30}},"80":{"start":{"line":81,"column":0},"end":{"line":81,"column":18}},"81":{"start":{"line":82,"column":0},"end":{"line":82,"column":31}},"82":{"start":{"line":83,"column":0},"end":{"line":83,"column":12}},"83":{"start":{"line":84,"column":0},"end":{"line":84,"column":29}},"84":{"start":{"line":85,"column":0},"end":{"line":85,"column":3}},"85":{"start":{"line":86,"column":0},"end":{"line":86,"column":1}},"87":{"start":{"line":88,"column":0},"end":{"line":88,"column":68}},"88":{"start":{"line":89,"column":0},"end":{"line":89,"column":18}},"89":{"start":{"line":90,"column":0},"end":{"line":90,"column":18}},"90":{"start":{"line":91,"column":0},"end":{"line":91,"column":36}},"91":{"start":{"line":92,"column":0},"end":{"line":92,"column":16}},"92":{"start":{"line":93,"column":0},"end":{"line":93,"column":35}},"93":{"start":{"line":94,"column":0},"end":{"line":94,"column":18}},"94":{"start":{"line":95,"column":0},"end":{"line":95,"column":35}},"95":{"start":{"line":96,"column":0},"end":{"line":96,"column":18}},"96":{"start":{"line":97,"column":0},"end":{"line":97,"column":36}},"97":{"start":{"line":98,"column":0},"end":{"line":98,"column":12}},"98":{"start":{"line":99,"column":0},"end":{"line":99,"column":34}},"99":{"start":{"line":100,"column":0},"end":{"line":100,"column":3}},"100":{"start":{"line":101,"column":0},"end":{"line":101,"column":1}},"102":{"start":{"line":103,"column":0},"end":{"line":103,"column":41}},"103":{"start":{"line":104,"column":0},"end":{"line":104,"column":21}},"104":{"start":{"line":105,"column":0},"end":{"line":105,"column":26}},"105":{"start":{"line":106,"column":0},"end":{"line":106,"column":24}},"106":{"start":{"line":107,"column":0},"end":{"line":107,"column":36}},"107":{"start":{"line":108,"column":0},"end":{"line":108,"column":20}},"108":{"start":{"line":109,"column":0},"end":{"line":109,"column":84}},"109":{"start":{"line":110,"column":0},"end":{"line":110,"column":84}},"111":{"start":{"line":112,"column":0},"end":{"line":112,"column":79}},"112":{"start":{"line":113,"column":0},"end":{"line":113,"column":75}},"115":{"start":{"line":116,"column":0},"end":{"line":116,"column":55}},"116":{"start":{"line":117,"column":0},"end":{"line":117,"column":78}},"117":{"start":{"line":118,"column":0},"end":{"line":118,"column":31}},"119":{"start":{"line":120,"column":0},"end":{"line":120,"column":22}},"120":{"start":{"line":121,"column":0},"end":{"line":121,"column":33}},"121":{"start":{"line":122,"column":0},"end":{"line":122,"column":85}},"122":{"start":{"line":123,"column":0},"end":{"line":123,"column":10}},"126":{"start":{"line":127,"column":0},"end":{"line":127,"column":86}},"127":{"start":{"line":128,"column":0},"end":{"line":128,"column":84}},"129":{"start":{"line":130,"column":0},"end":{"line":130,"column":37}},"130":{"start":{"line":131,"column":0},"end":{"line":131,"column":66}},"131":{"start":{"line":132,"column":0},"end":{"line":132,"column":4}},"133":{"start":{"line":134,"column":0},"end":{"line":134,"column":10}},"134":{"start":{"line":135,"column":0},"end":{"line":135,"column":15}},"135":{"start":{"line":136,"column":0},"end":{"line":136,"column":84}},"136":{"start":{"line":137,"column":0},"end":{"line":137,"column":44}},"137":{"start":{"line":138,"column":0},"end":{"line":138,"column":30}},"138":{"start":{"line":139,"column":0},"end":{"line":139,"column":31}},"139":{"start":{"line":140,"column":0},"end":{"line":140,"column":33}},"140":{"start":{"line":141,"column":0},"end":{"line":141,"column":27}},"141":{"start":{"line":142,"column":0},"end":{"line":142,"column":33}},"142":{"start":{"line":143,"column":0},"end":{"line":143,"column":40}},"143":{"start":{"line":144,"column":0},"end":{"line":144,"column":4}},"144":{"start":{"line":145,"column":0},"end":{"line":145,"column":1}},"146":{"start":{"line":147,"column":0},"end":{"line":147,"column":40}},"147":{"start":{"line":148,"column":0},"end":{"line":148,"column":26}},"148":{"start":{"line":149,"column":0},"end":{"line":149,"column":24}},"149":{"start":{"line":150,"column":0},"end":{"line":150,"column":36}},"150":{"start":{"line":151,"column":0},"end":{"line":151,"column":22}},"152":{"start":{"line":153,"column":0},"end":{"line":153,"column":84}},"154":{"start":{"line":155,"column":0},"end":{"line":155,"column":20}},"155":{"start":{"line":156,"column":0},"end":{"line":156,"column":84}},"156":{"start":{"line":157,"column":0},"end":{"line":157,"column":45}},"157":{"start":{"line":158,"column":0},"end":{"line":158,"column":1}},"159":{"start":{"line":160,"column":0},"end":{"line":160,"column":84}},"160":{"start":{"line":161,"column":0},"end":{"line":161,"column":46}},"161":{"start":{"line":162,"column":0},"end":{"line":162,"column":91}},"162":{"start":{"line":163,"column":0},"end":{"line":163,"column":38}},"163":{"start":{"line":164,"column":0},"end":{"line":164,"column":1}}},"s":{"0":1,"1":1,"27":1,"28":1,"29":1,"30":1,"31":1,"32":1,"33":1,"34":1,"35":1,"36":1,"37":1,"38":1,"39":1,"41":1,"42":1,"43":1,"44":1,"45":1,"46":1,"47":1,"49":1,"50":99,"51":99,"52":99,"53":99,"54":66,"55":66,"57":1,"58":5,"59":5,"60":1,"61":5,"62":1,"63":5,"64":1,"65":5,"66":1,"67":5,"68":1,"69":5,"70":5,"72":1,"73":5,"74":5,"75":1,"76":5,"77":1,"78":5,"79":1,"80":5,"81":1,"82":5,"83":1,"84":5,"85":5,"87":1,"88":5,"89":5,"90":1,"91":5,"92":1,"93":5,"94":1,"95":5,"96":1,"97":5,"98":1,"99":5,"100":5,"102":1,"103":60,"104":60,"105":60,"106":60,"107":60,"108":60,"109":60,"111":60,"112":60,"115":60,"116":60,"117":60,"119":60,"120":60,"121":3,"122":57,"126":60,"127":60,"129":60,"130":60,"131":60,"133":60,"134":60,"135":60,"136":60,"137":60,"138":60,"139":60,"140":60,"141":60,"142":60,"143":60,"144":60,"146":1,"147":4,"148":4,"149":4,"150":4,"152":4,"154":4,"155":4,"156":4,"157":4,"159":1,"160":6,"161":5,"162":5,"163":5},"branchMap":{"0":{"type":"branch","line":50,"loc":{"start":{"line":50,"column":7},"end":{"line":56,"column":1}},"locations":[{"start":{"line":50,"column":7},"end":{"line":56,"column":1}}]},"1":{"type":"branch","line":51,"loc":{"start":{"line":51,"column":45},"end":{"line":51,"column":61}},"locations":[{"start":{"line":51,"column":45},"end":{"line":51,"column":61}}]},"2":{"type":"branch","line":51,"loc":{"start":{"line":51,"column":52},"end":{"line":52,"column":50}},"locations":[{"start":{"line":51,"column":52},"end":{"line":52,"column":50}}]},"3":{"type":"branch","line":52,"loc":{"start":{"line":52,"column":43},"end":{"line":52,"column":57}},"locations":[{"start":{"line":52,"column":43},"end":{"line":52,"column":57}}]},"4":{"type":"branch","line":52,"loc":{"start":{"line":52,"column":50},"end":{"line":53,"column":52}},"locations":[{"start":{"line":52,"column":50},"end":{"line":53,"column":52}}]},"5":{"type":"branch","line":53,"loc":{"start":{"line":53,"column":45},"end":{"line":53,"column":61}},"locations":[{"start":{"line":53,"column":45},"end":{"line":53,"column":61}}]},"6":{"type":"branch","line":53,"loc":{"start":{"line":53,"column":52},"end":{"line":54,"column":52}},"locations":[{"start":{"line":53,"column":52},"end":{"line":54,"column":52}}]},"7":{"type":"branch","line":54,"loc":{"start":{"line":54,"column":45},"end":{"line":54,"column":61}},"locations":[{"start":{"line":54,"column":45},"end":{"line":54,"column":61}}]},"8":{"type":"branch","line":54,"loc":{"start":{"line":54,"column":52},"end":{"line":56,"column":1}},"locations":[{"start":{"line":54,"column":52},"end":{"line":56,"column":1}}]},"9":{"type":"branch","line":58,"loc":{"start":{"line":58,"column":7},"end":{"line":71,"column":1}},"locations":[{"start":{"line":58,"column":7},"end":{"line":71,"column":1}}]},"10":{"type":"branch","line":60,"loc":{"start":{"line":60,"column":4},"end":{"line":61,"column":45}},"locations":[{"start":{"line":60,"column":4},"end":{"line":61,"column":45}}]},"11":{"type":"branch","line":62,"loc":{"start":{"line":62,"column":4},"end":{"line":63,"column":44}},"locations":[{"start":{"line":62,"column":4},"end":{"line":63,"column":44}}]},"12":{"type":"branch","line":64,"loc":{"start":{"line":64,"column":4},"end":{"line":65,"column":42}},"locations":[{"start":{"line":64,"column":4},"end":{"line":65,"column":42}}]},"13":{"type":"branch","line":66,"loc":{"start":{"line":66,"column":4},"end":{"line":67,"column":44}},"locations":[{"start":{"line":66,"column":4},"end":{"line":67,"column":44}}]},"14":{"type":"branch","line":68,"loc":{"start":{"line":68,"column":4},"end":{"line":69,"column":41}},"locations":[{"start":{"line":68,"column":4},"end":{"line":69,"column":41}}]},"15":{"type":"branch","line":73,"loc":{"start":{"line":73,"column":7},"end":{"line":86,"column":1}},"locations":[{"start":{"line":73,"column":7},"end":{"line":86,"column":1}}]},"16":{"type":"branch","line":75,"loc":{"start":{"line":75,"column":4},"end":{"line":76,"column":31}},"locations":[{"start":{"line":75,"column":4},"end":{"line":76,"column":31}}]},"17":{"type":"branch","line":77,"loc":{"start":{"line":77,"column":4},"end":{"line":78,"column":30}},"locations":[{"start":{"line":77,"column":4},"end":{"line":78,"column":30}}]},"18":{"type":"branch","line":79,"loc":{"start":{"line":79,"column":4},"end":{"line":80,"column":30}},"locations":[{"start":{"line":79,"column":4},"end":{"line":80,"column":30}}]},"19":{"type":"branch","line":81,"loc":{"start":{"line":81,"column":4},"end":{"line":82,"column":31}},"locations":[{"start":{"line":81,"column":4},"end":{"line":82,"column":31}}]},"20":{"type":"branch","line":83,"loc":{"start":{"line":83,"column":4},"end":{"line":84,"column":29}},"locations":[{"start":{"line":83,"column":4},"end":{"line":84,"column":29}}]},"21":{"type":"branch","line":88,"loc":{"start":{"line":88,"column":7},"end":{"line":101,"column":1}},"locations":[{"start":{"line":88,"column":7},"end":{"line":101,"column":1}}]},"22":{"type":"branch","line":90,"loc":{"start":{"line":90,"column":4},"end":{"line":91,"column":36}},"locations":[{"start":{"line":90,"column":4},"end":{"line":91,"column":36}}]},"23":{"type":"branch","line":92,"loc":{"start":{"line":92,"column":4},"end":{"line":93,"column":35}},"locations":[{"start":{"line":92,"column":4},"end":{"line":93,"column":35}}]},"24":{"type":"branch","line":94,"loc":{"start":{"line":94,"column":4},"end":{"line":95,"column":35}},"locations":[{"start":{"line":94,"column":4},"end":{"line":95,"column":35}}]},"25":{"type":"branch","line":96,"loc":{"start":{"line":96,"column":4},"end":{"line":97,"column":36}},"locations":[{"start":{"line":96,"column":4},"end":{"line":97,"column":36}}]},"26":{"type":"branch","line":98,"loc":{"start":{"line":98,"column":4},"end":{"line":99,"column":34}},"locations":[{"start":{"line":98,"column":4},"end":{"line":99,"column":34}}]},"27":{"type":"branch","line":103,"loc":{"start":{"line":103,"column":7},"end":{"line":145,"column":1}},"locations":[{"start":{"line":103,"column":7},"end":{"line":145,"column":1}}]},"28":{"type":"branch","line":121,"loc":{"start":{"line":121,"column":32},"end":{"line":122,"column":85}},"locations":[{"start":{"line":121,"column":32},"end":{"line":122,"column":85}}]},"29":{"type":"branch","line":122,"loc":{"start":{"line":122,"column":79},"end":{"line":123,"column":10}},"locations":[{"start":{"line":122,"column":79},"end":{"line":123,"column":10}}]},"30":{"type":"branch","line":127,"loc":{"start":{"line":127,"column":41},"end":{"line":127,"column":84}},"locations":[{"start":{"line":127,"column":41},"end":{"line":127,"column":84}}]},"31":{"type":"branch","line":127,"loc":{"start":{"line":127,"column":78},"end":{"line":127,"column":86}},"locations":[{"start":{"line":127,"column":78},"end":{"line":127,"column":86}}]},"32":{"type":"branch","line":128,"loc":{"start":{"line":128,"column":41},"end":{"line":128,"column":82}},"locations":[{"start":{"line":128,"column":41},"end":{"line":128,"column":82}}]},"33":{"type":"branch","line":128,"loc":{"start":{"line":128,"column":76},"end":{"line":128,"column":84}},"locations":[{"start":{"line":128,"column":76},"end":{"line":128,"column":84}}]},"34":{"type":"branch","line":136,"loc":{"start":{"line":136,"column":43},"end":{"line":136,"column":84}},"locations":[{"start":{"line":136,"column":43},"end":{"line":136,"column":84}}]},"35":{"type":"branch","line":109,"loc":{"start":{"line":109,"column":50},"end":{"line":109,"column":82}},"locations":[{"start":{"line":109,"column":50},"end":{"line":109,"column":82}}]},"36":{"type":"branch","line":110,"loc":{"start":{"line":110,"column":50},"end":{"line":110,"column":82}},"locations":[{"start":{"line":110,"column":50},"end":{"line":110,"column":82}}]},"37":{"type":"branch","line":112,"loc":{"start":{"line":112,"column":37},"end":{"line":112,"column":70}},"locations":[{"start":{"line":112,"column":37},"end":{"line":112,"column":70}}]},"38":{"type":"branch","line":113,"loc":{"start":{"line":113,"column":35},"end":{"line":113,"column":66}},"locations":[{"start":{"line":113,"column":35},"end":{"line":113,"column":66}}]},"39":{"type":"branch","line":117,"loc":{"start":{"line":117,"column":12},"end":{"line":117,"column":77}},"locations":[{"start":{"line":117,"column":12},"end":{"line":117,"column":77}}]},"40":{"type":"branch","line":117,"loc":{"start":{"line":117,"column":48},"end":{"line":117,"column":77}},"locations":[{"start":{"line":117,"column":48},"end":{"line":117,"column":77}}]},"41":{"type":"branch","line":118,"loc":{"start":{"line":118,"column":9},"end":{"line":118,"column":29}},"locations":[{"start":{"line":118,"column":9},"end":{"line":118,"column":29}}]},"42":{"type":"branch","line":122,"loc":{"start":{"line":122,"column":34},"end":{"line":122,"column":55}},"locations":[{"start":{"line":122,"column":34},"end":{"line":122,"column":55}}]},"43":{"type":"branch","line":147,"loc":{"start":{"line":147,"column":7},"end":{"line":158,"column":1}},"locations":[{"start":{"line":147,"column":7},"end":{"line":158,"column":1}}]},"44":{"type":"branch","line":153,"loc":{"start":{"line":153,"column":63},"end":{"line":153,"column":80}},"locations":[{"start":{"line":153,"column":63},"end":{"line":153,"column":80}}]},"45":{"type":"branch","line":156,"loc":{"start":{"line":156,"column":9},"end":{"line":156,"column":83}},"locations":[{"start":{"line":156,"column":9},"end":{"line":156,"column":83}}]},"46":{"type":"branch","line":157,"loc":{"start":{"line":157,"column":10},"end":{"line":157,"column":43}},"locations":[{"start":{"line":157,"column":10},"end":{"line":157,"column":43}}]},"47":{"type":"branch","line":160,"loc":{"start":{"line":160,"column":7},"end":{"line":164,"column":1}},"locations":[{"start":{"line":160,"column":7},"end":{"line":164,"column":1}}]},"48":{"type":"branch","line":161,"loc":{"start":{"line":161,"column":30},"end":{"line":161,"column":46}},"locations":[{"start":{"line":161,"column":30},"end":{"line":161,"column":46}}]},"49":{"type":"branch","line":161,"loc":{"start":{"line":161,"column":37},"end":{"line":164,"column":1}},"locations":[{"start":{"line":161,"column":37},"end":{"line":164,"column":1}}]},"50":{"type":"branch","line":162,"loc":{"start":{"line":162,"column":39},"end":{"line":162,"column":69}},"locations":[{"start":{"line":162,"column":39},"end":{"line":162,"column":69}}]}},"b":{"0":[99],"1":[8],"2":[91],"3":[8],"4":[83],"5":[9],"6":[74],"7":[8],"8":[66],"9":[5],"10":[1],"11":[1],"12":[1],"13":[1],"14":[1],"15":[5],"16":[1],"17":[1],"18":[1],"19":[1],"20":[1],"21":[5],"22":[1],"23":[1],"24":[1],"25":[1],"26":[1],"27":[60],"28":[3],"29":[57],"30":[59],"31":[1],"32":[59],"33":[1],"34":[9],"35":[8880],"36":[3840],"37":[690],"38":[298],"39":[3],"40":[0],"41":[3],"42":[3],"43":[4],"44":[592],"45":[52],"46":[48],"47":[6],"48":[1],"49":[5],"50":[11]},"fnMap":{"0":{"name":"getMasteryLevel","decl":{"start":{"line":50,"column":7},"end":{"line":56,"column":1}},"loc":{"start":{"line":50,"column":7},"end":{"line":56,"column":1}},"line":50},"1":{"name":"getMasteryColor","decl":{"start":{"line":58,"column":7},"end":{"line":71,"column":1}},"loc":{"start":{"line":58,"column":7},"end":{"line":71,"column":1}},"line":58},"2":{"name":"getMasteryTextColor","decl":{"start":{"line":73,"column":7},"end":{"line":86,"column":1}},"loc":{"start":{"line":73,"column":7},"end":{"line":86,"column":1}},"line":73},"3":{"name":"getMasteryBorderColor","decl":{"start":{"line":88,"column":7},"end":{"line":101,"column":1}},"loc":{"start":{"line":88,"column":7},"end":{"line":101,"column":1}},"line":88},"4":{"name":"calculatePantheonMastery","decl":{"start":{"line":103,"column":7},"end":{"line":145,"column":1}},"loc":{"start":{"line":103,"column":7},"end":{"line":145,"column":1}},"line":103},"5":{"name":"getAllPantheonMasteries","decl":{"start":{"line":147,"column":7},"end":{"line":158,"column":1}},"loc":{"start":{"line":147,"column":7},"end":{"line":158,"column":1}},"line":147},"6":{"name":"getOverallMasteryLevel","decl":{"start":{"line":160,"column":7},"end":{"line":164,"column":1}},"loc":{"start":{"line":160,"column":7},"end":{"line":164,"column":1}},"line":160}},"f":{"0":99,"1":5,"2":5,"3":5,"4":60,"5":4,"6":6}}
,"/Volumes/LizsDisk/Mythos/apps/web/src/lib/relationship-quiz.ts": {"path":"/Volumes/LizsDisk/Mythos/apps/web/src/lib/relationship-quiz.ts","all":false,"statementMap":{"28":{"start":{"line":29,"column":0},"end":{"line":29,"column":55}},"29":{"start":{"line":30,"column":0},"end":{"line":30,"column":11}},"30":{"start":{"line":31,"column":0},"end":{"line":31,"column":13}},"31":{"start":{"line":32,"column":0},"end":{"line":32,"column":11}},"32":{"start":{"line":33,"column":0},"end":{"line":33,"column":2}},"35":{"start":{"line":36,"column":0},"end":{"line":36,"column":56}},"36":{"start":{"line":37,"column":0},"end":{"line":37,"column":11}},"37":{"start":{"line":38,"column":0},"end":{"line":38,"column":13}},"38":{"start":{"line":39,"column":0},"end":{"line":39,"column":11}},"39":{"start":{"line":40,"column":0},"end":{"line":40,"column":2}},"41":{"start":{"line":42,"column":0},"end":{"line":42,"column":43}},"42":{"start":{"line":43,"column":0},"end":{"line":43,"column":30}},"43":{"start":{"line":44,"column":0},"end":{"line":44,"column":49}},"44":{"start":{"line":45,"column":0},"end":{"line":45,"column":50}},"45":{"start":{"line":46,"column":0},"end":{"line":46,"column":60}},"46":{"start":{"line":47,"column":0},"end":{"line":47,"column":3}},"47":{"start":{"line":48,"column":0},"end":{"line":48,"column":18}},"48":{"start":{"line":49,"column":0},"end":{"line":49,"column":1}},"50":{"start":{"line":51,"column":0},"end":{"line":51,"column":60}},"51":{"start":{"line":52,"column":0},"end":{"line":52,"column":45}},"52":{"start":{"line":53,"column":0},"end":{"line":53,"column":1}},"54":{"start":{"line":55,"column":0},"end":{"line":55,"column":30}},"55":{"start":{"line":56,"column":0},"end":{"line":56,"column":29}},"56":{"start":{"line":57,"column":0},"end":{"line":57,"column":20}},"57":{"start":{"line":58,"column":0},"end":{"line":58,"column":27}},"58":{"start":{"line":59,"column":0},"end":{"line":59,"column":11}},"59":{"start":{"line":60,"column":0},"end":{"line":60,"column":25}},"60":{"start":{"line":61,"column":0},"end":{"line":61,"column":18}},"61":{"start":{"line":62,"column":0},"end":{"line":62,"column":48}},"62":{"start":{"line":63,"column":0},"end":{"line":63,"column":17}},"63":{"start":{"line":64,"column":0},"end":{"line":64,"column":47}},"64":{"start":{"line":65,"column":0},"end":{"line":65,"column":19}},"65":{"start":{"line":66,"column":0},"end":{"line":66,"column":49}},"66":{"start":{"line":67,"column":0},"end":{"line":67,"column":18}},"67":{"start":{"line":68,"column":0},"end":{"line":68,"column":58}},"68":{"start":{"line":69,"column":0},"end":{"line":69,"column":18}},"69":{"start":{"line":70,"column":0},"end":{"line":70,"column":54}},"70":{"start":{"line":71,"column":0},"end":{"line":71,"column":12}},"71":{"start":{"line":72,"column":0},"end":{"line":72,"column":52}},"72":{"start":{"line":73,"column":0},"end":{"line":73,"column":3}},"73":{"start":{"line":74,"column":0},"end":{"line":74,"column":1}},"75":{"start":{"line":76,"column":0},"end":{"line":76,"column":82}},"76":{"start":{"line":77,"column":0},"end":{"line":77,"column":49}},"77":{"start":{"line":78,"column":0},"end":{"line":78,"column":80}},"78":{"start":{"line":79,"column":0},"end":{"line":79,"column":26}},"79":{"start":{"line":80,"column":0},"end":{"line":80,"column":24}},"80":{"start":{"line":81,"column":0},"end":{"line":81,"column":4}},"81":{"start":{"line":82,"column":0},"end":{"line":82,"column":34}},"82":{"start":{"line":83,"column":0},"end":{"line":83,"column":1}},"84":{"start":{"line":85,"column":0},"end":{"line":85,"column":71}},"86":{"start":{"line":87,"column":0},"end":{"line":87,"column":56}},"87":{"start":{"line":88,"column":0},"end":{"line":88,"column":77}},"88":{"start":{"line":89,"column":0},"end":{"line":89,"column":4}},"89":{"start":{"line":90,"column":0},"end":{"line":90,"column":41}},"90":{"start":{"line":91,"column":0},"end":{"line":91,"column":1}},"92":{"start":{"line":93,"column":0},"end":{"line":93,"column":41}},"93":{"start":{"line":94,"column":0},"end":{"line":94,"column":19}},"94":{"start":{"line":95,"column":0},"end":{"line":95,"column":32}},"95":{"start":{"line":96,"column":0},"end":{"line":96,"column":21}},"96":{"start":{"line":97,"column":0},"end":{"line":97,"column":35}},"97":{"start":{"line":98,"column":0},"end":{"line":98,"column":27}},"98":{"start":{"line":99,"column":0},"end":{"line":99,"column":47}},"99":{"start":{"line":100,"column":0},"end":{"line":100,"column":45}},"102":{"start":{"line":103,"column":0},"end":{"line":103,"column":65}},"103":{"start":{"line":104,"column":0},"end":{"line":104,"column":50}},"104":{"start":{"line":105,"column":0},"end":{"line":105,"column":54}},"105":{"start":{"line":106,"column":0},"end":{"line":106,"column":73}},"106":{"start":{"line":107,"column":0},"end":{"line":107,"column":4}},"109":{"start":{"line":110,"column":0},"end":{"line":110,"column":56}},"112":{"start":{"line":113,"column":0},"end":{"line":113,"column":56}},"114":{"start":{"line":115,"column":0},"end":{"line":115,"column":35}},"115":{"start":{"line":116,"column":0},"end":{"line":116,"column":41}},"117":{"start":{"line":118,"column":0},"end":{"line":118,"column":52}},"118":{"start":{"line":119,"column":0},"end":{"line":119,"column":48}},"120":{"start":{"line":121,"column":0},"end":{"line":121,"column":41}},"123":{"start":{"line":124,"column":0},"end":{"line":124,"column":43}},"125":{"start":{"line":126,"column":0},"end":{"line":126,"column":21}},"127":{"start":{"line":128,"column":0},"end":{"line":128,"column":72}},"128":{"start":{"line":129,"column":0},"end":{"line":129,"column":34}},"130":{"start":{"line":131,"column":0},"end":{"line":131,"column":55}},"131":{"start":{"line":132,"column":0},"end":{"line":132,"column":51}},"132":{"start":{"line":133,"column":0},"end":{"line":133,"column":37}},"135":{"start":{"line":136,"column":0},"end":{"line":136,"column":49}},"136":{"start":{"line":137,"column":0},"end":{"line":137,"column":73}},"137":{"start":{"line":138,"column":0},"end":{"line":138,"column":8}},"138":{"start":{"line":139,"column":0},"end":{"line":139,"column":83}},"140":{"start":{"line":141,"column":0},"end":{"line":141,"column":36}},"142":{"start":{"line":143,"column":0},"end":{"line":143,"column":44}},"143":{"start":{"line":144,"column":0},"end":{"line":144,"column":72}},"144":{"start":{"line":145,"column":0},"end":{"line":145,"column":10}},"145":{"start":{"line":146,"column":0},"end":{"line":146,"column":101}},"146":{"start":{"line":147,"column":0},"end":{"line":147,"column":7}},"148":{"start":{"line":149,"column":0},"end":{"line":149,"column":22}},"149":{"start":{"line":150,"column":0},"end":{"line":150,"column":52}},"150":{"start":{"line":151,"column":0},"end":{"line":151,"column":28}},"151":{"start":{"line":152,"column":0},"end":{"line":152,"column":32}},"152":{"start":{"line":153,"column":0},"end":{"line":153,"column":40}},"153":{"start":{"line":154,"column":0},"end":{"line":154,"column":21}},"154":{"start":{"line":155,"column":0},"end":{"line":155,"column":93}},"155":{"start":{"line":156,"column":0},"end":{"line":156,"column":38}},"156":{"start":{"line":157,"column":0},"end":{"line":157,"column":37}},"157":{"start":{"line":158,"column":0},"end":{"line":158,"column":77}},"158":{"start":{"line":159,"column":0},"end":{"line":159,"column":19}},"159":{"start":{"line":160,"column":0},"end":{"line":160,"column":9}},"160":{"start":{"line":161,"column":0},"end":{"line":161,"column":12}},"162":{"start":{"line":163,"column":0},"end":{"line":163,"column":83}},"163":{"start":{"line":164,"column":0},"end":{"line":164,"column":34}},"165":{"start":{"line":166,"column":0},"end":{"line":166,"column":71}},"166":{"start":{"line":167,"column":0},"end":{"line":167,"column":51}},"167":{"start":{"line":168,"column":0},"end":{"line":168,"column":37}},"170":{"start":{"line":171,"column":0},"end":{"line":171,"column":49}},"171":{"start":{"line":172,"column":0},"end":{"line":172,"column":73}},"172":{"start":{"line":173,"column":0},"end":{"line":173,"column":8}},"173":{"start":{"line":174,"column":0},"end":{"line":174,"column":83}},"175":{"start":{"line":176,"column":0},"end":{"line":176,"column":36}},"176":{"start":{"line":177,"column":0},"end":{"line":177,"column":44}},"177":{"start":{"line":178,"column":0},"end":{"line":178,"column":70}},"178":{"start":{"line":179,"column":0},"end":{"line":179,"column":10}},"179":{"start":{"line":180,"column":0},"end":{"line":180,"column":101}},"180":{"start":{"line":181,"column":0},"end":{"line":181,"column":7}},"182":{"start":{"line":183,"column":0},"end":{"line":183,"column":22}},"183":{"start":{"line":184,"column":0},"end":{"line":184,"column":52}},"184":{"start":{"line":185,"column":0},"end":{"line":185,"column":30}},"185":{"start":{"line":186,"column":0},"end":{"line":186,"column":34}},"186":{"start":{"line":187,"column":0},"end":{"line":187,"column":42}},"187":{"start":{"line":188,"column":0},"end":{"line":188,"column":21}},"188":{"start":{"line":189,"column":0},"end":{"line":189,"column":95}},"189":{"start":{"line":190,"column":0},"end":{"line":190,"column":36}},"190":{"start":{"line":191,"column":0},"end":{"line":191,"column":35}},"191":{"start":{"line":192,"column":0},"end":{"line":192,"column":75}},"192":{"start":{"line":193,"column":0},"end":{"line":193,"column":19}},"193":{"start":{"line":194,"column":0},"end":{"line":194,"column":9}},"194":{"start":{"line":195,"column":0},"end":{"line":195,"column":5}},"195":{"start":{"line":196,"column":0},"end":{"line":196,"column":3}},"198":{"start":{"line":199,"column":0},"end":{"line":199,"column":93}},"199":{"start":{"line":200,"column":0},"end":{"line":200,"column":95}},"200":{"start":{"line":201,"column":0},"end":{"line":201,"column":68}},"202":{"start":{"line":203,"column":0},"end":{"line":203,"column":82}},"203":{"start":{"line":204,"column":0},"end":{"line":204,"column":59}},"205":{"start":{"line":206,"column":0},"end":{"line":206,"column":40}},"206":{"start":{"line":207,"column":0},"end":{"line":207,"column":41}},"208":{"start":{"line":209,"column":0},"end":{"line":209,"column":42}},"209":{"start":{"line":210,"column":0},"end":{"line":210,"column":49}},"210":{"start":{"line":211,"column":0},"end":{"line":211,"column":99}},"212":{"start":{"line":213,"column":0},"end":{"line":213,"column":35}},"214":{"start":{"line":215,"column":0},"end":{"line":215,"column":42}},"217":{"start":{"line":218,"column":0},"end":{"line":218,"column":43}},"218":{"start":{"line":219,"column":0},"end":{"line":219,"column":30}},"219":{"start":{"line":220,"column":0},"end":{"line":220,"column":42}},"220":{"start":{"line":221,"column":0},"end":{"line":221,"column":33}},"221":{"start":{"line":222,"column":0},"end":{"line":222,"column":59}},"222":{"start":{"line":223,"column":0},"end":{"line":223,"column":11}},"223":{"start":{"line":224,"column":0},"end":{"line":224,"column":7}},"224":{"start":{"line":225,"column":0},"end":{"line":225,"column":5}},"226":{"start":{"line":227,"column":0},"end":{"line":227,"column":62}},"228":{"start":{"line":229,"column":0},"end":{"line":229,"column":20}},"229":{"start":{"line":230,"column":0},"end":{"line":230,"column":53}},"230":{"start":{"line":231,"column":0},"end":{"line":231,"column":24}},"231":{"start":{"line":232,"column":0},"end":{"line":232,"column":28}},"232":{"start":{"line":233,"column":0},"end":{"line":233,"column":36}},"233":{"start":{"line":234,"column":0},"end":{"line":234,"column":29}},"234":{"start":{"line":235,"column":0},"end":{"line":235,"column":63}},"235":{"start":{"line":236,"column":0},"end":{"line":236,"column":35}},"236":{"start":{"line":237,"column":0},"end":{"line":237,"column":31}},"237":{"start":{"line":238,"column":0},"end":{"line":238,"column":62}},"238":{"start":{"line":239,"column":0},"end":{"line":239,"column":17}},"239":{"start":{"line":240,"column":0},"end":{"line":240,"column":7}},"240":{"start":{"line":241,"column":0},"end":{"line":241,"column":3}},"242":{"start":{"line":243,"column":0},"end":{"line":243,"column":49}},"243":{"start":{"line":244,"column":0},"end":{"line":244,"column":1}},"245":{"start":{"line":246,"column":0},"end":{"line":246,"column":32}},"246":{"start":{"line":247,"column":0},"end":{"line":247,"column":25}},"247":{"start":{"line":248,"column":0},"end":{"line":248,"column":25}},"248":{"start":{"line":249,"column":0},"end":{"line":249,"column":25}},"249":{"start":{"line":250,"column":0},"end":{"line":250,"column":20}},"250":{"start":{"line":251,"column":0},"end":{"line":251,"column":11}},"251":{"start":{"line":252,"column":0},"end":{"line":252,"column":57}},"254":{"start":{"line":255,"column":0},"end":{"line":255,"column":89}},"257":{"start":{"line":258,"column":0},"end":{"line":258,"column":63}},"259":{"start":{"line":260,"column":0},"end":{"line":260,"column":44}},"260":{"start":{"line":261,"column":0},"end":{"line":261,"column":1}},"262":{"start":{"line":263,"column":0},"end":{"line":263,"column":66}},"263":{"start":{"line":264,"column":0},"end":{"line":264,"column":48}},"264":{"start":{"line":265,"column":0},"end":{"line":265,"column":21}},"265":{"start":{"line":266,"column":0},"end":{"line":266,"column":19}},"266":{"start":{"line":267,"column":0},"end":{"line":267,"column":23}},"267":{"start":{"line":268,"column":0},"end":{"line":268,"column":29}},"268":{"start":{"line":269,"column":0},"end":{"line":269,"column":21}},"269":{"start":{"line":270,"column":0},"end":{"line":270,"column":4}},"270":{"start":{"line":271,"column":0},"end":{"line":271,"column":22}},"271":{"start":{"line":272,"column":0},"end":{"line":272,"column":1}},"273":{"start":{"line":274,"column":0},"end":{"line":274,"column":65}},"274":{"start":{"line":275,"column":0},"end":{"line":275,"column":47}},"275":{"start":{"line":276,"column":0},"end":{"line":276,"column":20}},"276":{"start":{"line":277,"column":0},"end":{"line":277,"column":18}},"277":{"start":{"line":278,"column":0},"end":{"line":278,"column":21}},"278":{"start":{"line":279,"column":0},"end":{"line":279,"column":20}},"279":{"start":{"line":280,"column":0},"end":{"line":280,"column":23}},"280":{"start":{"line":281,"column":0},"end":{"line":281,"column":4}},"281":{"start":{"line":282,"column":0},"end":{"line":282,"column":21}},"282":{"start":{"line":283,"column":0},"end":{"line":283,"column":1}}},"s":{"28":1,"29":1,"30":1,"31":1,"32":1,"35":1,"36":1,"37":1,"38":1,"39":1,"41":172,"42":172,"43":172,"44":823,"45":823,"46":823,"47":172,"48":172,"50":56,"51":56,"52":56,"54":56,"55":56,"56":56,"57":56,"58":56,"59":56,"60":56,"61":17,"62":56,"63":13,"64":56,"65":15,"66":56,"67":2,"68":56,"69":9,"70":56,"71":0,"72":56,"73":56,"75":30,"76":30,"77":30,"78":30,"79":30,"80":30,"81":30,"82":30,"84":28,"86":28,"87":28,"88":28,"89":28,"90":28,"92":1,"93":20,"94":20,"95":20,"96":20,"97":20,"98":20,"99":20,"102":20,"103":20,"104":20,"105":145,"106":20,"109":20,"112":20,"114":20,"115":82,"117":66,"118":66,"120":82,"123":58,"125":82,"127":28,"128":28,"130":17,"131":17,"132":17,"135":17,"136":17,"137":17,"138":17,"140":28,"142":0,"143":0,"144":0,"145":0,"146":0,"148":17,"149":17,"150":17,"151":17,"152":17,"153":17,"154":17,"155":17,"156":17,"157":17,"158":17,"159":17,"160":82,"162":30,"163":30,"165":30,"166":30,"167":30,"170":30,"171":30,"172":30,"173":30,"175":30,"176":0,"177":0,"178":0,"179":0,"180":0,"182":30,"183":30,"184":30,"185":30,"186":30,"187":30,"188":30,"189":30,"190":30,"191":30,"192":30,"193":30,"194":30,"195":82,"198":20,"199":19,"200":1,"202":20,"203":20,"205":20,"206":36,"208":19,"209":19,"210":19,"212":9,"214":9,"217":9,"218":36,"219":72,"220":63,"221":94,"222":63,"223":63,"224":72,"226":9,"228":9,"229":9,"230":9,"231":9,"232":9,"233":9,"234":9,"235":9,"236":9,"237":9,"238":9,"239":9,"240":9,"242":20,"243":20,"245":1,"246":10,"247":10,"248":10,"249":10,"250":10,"251":10,"254":10,"257":10,"259":10,"260":10,"262":1,"263":5,"264":5,"265":5,"266":5,"267":5,"268":5,"269":5,"270":5,"271":5,"273":1,"274":5,"275":5,"276":5,"277":5,"278":5,"279":5,"280":5,"281":5,"282":5},"branchMap":{"0":{"type":"branch","line":42,"loc":{"start":{"line":42,"column":0},"end":{"line":49,"column":1}},"locations":[{"start":{"line":42,"column":0},"end":{"line":49,"column":1}}]},"1":{"type":"branch","line":44,"loc":{"start":{"line":44,"column":48},"end":{"line":47,"column":3}},"locations":[{"start":{"line":44,"column":48},"end":{"line":47,"column":3}}]},"2":{"type":"branch","line":51,"loc":{"start":{"line":51,"column":0},"end":{"line":53,"column":1}},"locations":[{"start":{"line":51,"column":0},"end":{"line":53,"column":1}}]},"3":{"type":"branch","line":55,"loc":{"start":{"line":55,"column":0},"end":{"line":74,"column":1}},"locations":[{"start":{"line":55,"column":0},"end":{"line":74,"column":1}}]},"4":{"type":"branch","line":61,"loc":{"start":{"line":61,"column":4},"end":{"line":62,"column":48}},"locations":[{"start":{"line":61,"column":4},"end":{"line":62,"column":48}}]},"5":{"type":"branch","line":63,"loc":{"start":{"line":63,"column":4},"end":{"line":64,"column":47}},"locations":[{"start":{"line":63,"column":4},"end":{"line":64,"column":47}}]},"6":{"type":"branch","line":65,"loc":{"start":{"line":65,"column":4},"end":{"line":66,"column":49}},"locations":[{"start":{"line":65,"column":4},"end":{"line":66,"column":49}}]},"7":{"type":"branch","line":67,"loc":{"start":{"line":67,"column":4},"end":{"line":68,"column":58}},"locations":[{"start":{"line":67,"column":4},"end":{"line":68,"column":58}}]},"8":{"type":"branch","line":69,"loc":{"start":{"line":69,"column":4},"end":{"line":70,"column":54}},"locations":[{"start":{"line":69,"column":4},"end":{"line":70,"column":54}}]},"9":{"type":"branch","line":71,"loc":{"start":{"line":71,"column":4},"end":{"line":72,"column":52}},"locations":[{"start":{"line":71,"column":4},"end":{"line":72,"column":52}}]},"10":{"type":"branch","line":76,"loc":{"start":{"line":76,"column":0},"end":{"line":83,"column":1}},"locations":[{"start":{"line":76,"column":0},"end":{"line":83,"column":1}}]},"11":{"type":"branch","line":82,"loc":{"start":{"line":82,"column":24},"end":{"line":82,"column":34}},"locations":[{"start":{"line":82,"column":24},"end":{"line":82,"column":34}}]},"12":{"type":"branch","line":85,"loc":{"start":{"line":85,"column":0},"end":{"line":91,"column":1}},"locations":[{"start":{"line":85,"column":0},"end":{"line":91,"column":1}}]},"13":{"type":"branch","line":90,"loc":{"start":{"line":90,"column":31},"end":{"line":90,"column":41}},"locations":[{"start":{"line":90,"column":31},"end":{"line":90,"column":41}}]},"14":{"type":"branch","line":93,"loc":{"start":{"line":93,"column":7},"end":{"line":244,"column":1}},"locations":[{"start":{"line":93,"column":7},"end":{"line":244,"column":1}}]},"15":{"type":"branch","line":115,"loc":{"start":{"line":115,"column":34},"end":{"line":196,"column":3}},"locations":[{"start":{"line":115,"column":34},"end":{"line":196,"column":3}}]},"16":{"type":"branch","line":116,"loc":{"start":{"line":116,"column":35},"end":{"line":116,"column":41}},"locations":[{"start":{"line":116,"column":35},"end":{"line":116,"column":41}}]},"17":{"type":"branch","line":116,"loc":{"start":{"line":116,"column":35},"end":{"line":121,"column":22}},"locations":[{"start":{"line":116,"column":35},"end":{"line":121,"column":22}}]},"18":{"type":"branch","line":121,"loc":{"start":{"line":121,"column":9},"end":{"line":121,"column":32}},"locations":[{"start":{"line":121,"column":9},"end":{"line":121,"column":32}}]},"19":{"type":"branch","line":121,"loc":{"start":{"line":121,"column":32},"end":{"line":121,"column":41}},"locations":[{"start":{"line":121,"column":32},"end":{"line":121,"column":41}}]},"20":{"type":"branch","line":121,"loc":{"start":{"line":121,"column":32},"end":{"line":126,"column":20}},"locations":[{"start":{"line":121,"column":32},"end":{"line":126,"column":20}}]},"21":{"type":"branch","line":126,"loc":{"start":{"line":126,"column":20},"end":{"line":161,"column":11}},"locations":[{"start":{"line":126,"column":20},"end":{"line":161,"column":11}}]},"22":{"type":"branch","line":129,"loc":{"start":{"line":129,"column":25},"end":{"line":129,"column":34}},"locations":[{"start":{"line":129,"column":25},"end":{"line":129,"column":34}}]},"23":{"type":"branch","line":129,"loc":{"start":{"line":129,"column":25},"end":{"line":132,"column":51}},"locations":[{"start":{"line":129,"column":25},"end":{"line":132,"column":51}}]},"24":{"type":"branch","line":132,"loc":{"start":{"line":132,"column":42},"end":{"line":132,"column":51}},"locations":[{"start":{"line":132,"column":42},"end":{"line":132,"column":51}}]},"25":{"type":"branch","line":132,"loc":{"start":{"line":132,"column":42},"end":{"line":141,"column":35}},"locations":[{"start":{"line":132,"column":42},"end":{"line":141,"column":35}}]},"26":{"type":"branch","line":141,"loc":{"start":{"line":141,"column":35},"end":{"line":147,"column":7}},"locations":[{"start":{"line":141,"column":35},"end":{"line":147,"column":7}}]},"27":{"type":"branch","line":147,"loc":{"start":{"line":147,"column":6},"end":{"line":161,"column":11}},"locations":[{"start":{"line":147,"column":6},"end":{"line":161,"column":11}}]},"28":{"type":"branch","line":161,"loc":{"start":{"line":161,"column":4},"end":{"line":195,"column":5}},"locations":[{"start":{"line":161,"column":4},"end":{"line":195,"column":5}}]},"29":{"type":"branch","line":164,"loc":{"start":{"line":164,"column":25},"end":{"line":164,"column":34}},"locations":[{"start":{"line":164,"column":25},"end":{"line":164,"column":34}}]},"30":{"type":"branch","line":167,"loc":{"start":{"line":167,"column":42},"end":{"line":167,"column":51}},"locations":[{"start":{"line":167,"column":42},"end":{"line":167,"column":51}}]},"31":{"type":"branch","line":176,"loc":{"start":{"line":176,"column":35},"end":{"line":181,"column":7}},"locations":[{"start":{"line":176,"column":35},"end":{"line":181,"column":7}}]},"32":{"type":"branch","line":199,"loc":{"start":{"line":199,"column":45},"end":{"line":199,"column":93}},"locations":[{"start":{"line":199,"column":45},"end":{"line":199,"column":93}}]},"33":{"type":"branch","line":199,"loc":{"start":{"line":199,"column":90},"end":{"line":201,"column":68}},"locations":[{"start":{"line":199,"column":90},"end":{"line":201,"column":68}}]},"34":{"type":"branch","line":200,"loc":{"start":{"line":200,"column":45},"end":{"line":200,"column":95}},"locations":[{"start":{"line":200,"column":45},"end":{"line":200,"column":95}}]},"35":{"type":"branch","line":200,"loc":{"start":{"line":200,"column":92},"end":{"line":201,"column":68}},"locations":[{"start":{"line":200,"column":92},"end":{"line":201,"column":68}}]},"36":{"type":"branch","line":206,"loc":{"start":{"line":206,"column":39},"end":{"line":241,"column":3}},"locations":[{"start":{"line":206,"column":39},"end":{"line":241,"column":3}}]},"37":{"type":"branch","line":207,"loc":{"start":{"line":207,"column":35},"end":{"line":207,"column":41}},"locations":[{"start":{"line":207,"column":35},"end":{"line":207,"column":41}}]},"38":{"type":"branch","line":207,"loc":{"start":{"line":207,"column":35},"end":{"line":210,"column":49}},"locations":[{"start":{"line":207,"column":35},"end":{"line":210,"column":49}}]},"39":{"type":"branch","line":210,"loc":{"start":{"line":210,"column":40},"end":{"line":210,"column":49}},"locations":[{"start":{"line":210,"column":40},"end":{"line":210,"column":49}}]},"40":{"type":"branch","line":210,"loc":{"start":{"line":210,"column":40},"end":{"line":211,"column":99}},"locations":[{"start":{"line":210,"column":40},"end":{"line":211,"column":99}}]},"41":{"type":"branch","line":211,"loc":{"start":{"line":211,"column":90},"end":{"line":211,"column":99}},"locations":[{"start":{"line":211,"column":90},"end":{"line":211,"column":99}}]},"42":{"type":"branch","line":211,"loc":{"start":{"line":211,"column":90},"end":{"line":219,"column":29}},"locations":[{"start":{"line":211,"column":90},"end":{"line":219,"column":29}}]},"43":{"type":"branch","line":219,"loc":{"start":{"line":219,"column":29},"end":{"line":225,"column":5}},"locations":[{"start":{"line":219,"column":29},"end":{"line":225,"column":5}}]},"44":{"type":"branch","line":220,"loc":{"start":{"line":220,"column":25},"end":{"line":220,"column":41}},"locations":[{"start":{"line":220,"column":25},"end":{"line":220,"column":41}}]},"45":{"type":"branch","line":220,"loc":{"start":{"line":220,"column":41},"end":{"line":224,"column":7}},"locations":[{"start":{"line":220,"column":41},"end":{"line":224,"column":7}}]},"46":{"type":"branch","line":225,"loc":{"start":{"line":225,"column":4},"end":{"line":241,"column":3}},"locations":[{"start":{"line":225,"column":4},"end":{"line":241,"column":3}}]},"47":{"type":"branch","line":105,"loc":{"start":{"line":105,"column":4},"end":{"line":106,"column":73}},"locations":[{"start":{"line":105,"column":4},"end":{"line":106,"column":73}}]},"48":{"type":"branch","line":106,"loc":{"start":{"line":106,"column":32},"end":{"line":106,"column":73}},"locations":[{"start":{"line":106,"column":32},"end":{"line":106,"column":73}}]},"49":{"type":"branch","line":110,"loc":{"start":{"line":110,"column":39},"end":{"line":110,"column":53}},"locations":[{"start":{"line":110,"column":39},"end":{"line":110,"column":53}}]},"50":{"type":"branch","line":137,"loc":{"start":{"line":137,"column":8},"end":{"line":137,"column":73}},"locations":[{"start":{"line":137,"column":8},"end":{"line":137,"column":73}}]},"51":{"type":"branch","line":137,"loc":{"start":{"line":137,"column":32},"end":{"line":137,"column":73}},"locations":[{"start":{"line":137,"column":32},"end":{"line":137,"column":73}}]},"52":{"type":"branch","line":139,"loc":{"start":{"line":139,"column":70},"end":{"line":139,"column":81}},"locations":[{"start":{"line":139,"column":70},"end":{"line":139,"column":81}}]},"53":{"type":"branch","line":172,"loc":{"start":{"line":172,"column":8},"end":{"line":172,"column":73}},"locations":[{"start":{"line":172,"column":8},"end":{"line":172,"column":73}}]},"54":{"type":"branch","line":172,"loc":{"start":{"line":172,"column":30},"end":{"line":172,"column":73}},"locations":[{"start":{"line":172,"column":30},"end":{"line":172,"column":73}}]},"55":{"type":"branch","line":174,"loc":{"start":{"line":174,"column":70},"end":{"line":174,"column":81}},"locations":[{"start":{"line":174,"column":70},"end":{"line":174,"column":81}}]},"56":{"type":"branch","line":203,"loc":{"start":{"line":203,"column":44},"end":{"line":203,"column":80}},"locations":[{"start":{"line":203,"column":44},"end":{"line":203,"column":80}}]},"57":{"type":"branch","line":211,"loc":{"start":{"line":211,"column":25},"end":{"line":211,"column":57}},"locations":[{"start":{"line":211,"column":25},"end":{"line":211,"column":57}}]},"58":{"type":"branch","line":221,"loc":{"start":{"line":221,"column":25},"end":{"line":223,"column":9}},"locations":[{"start":{"line":221,"column":25},"end":{"line":223,"column":9}}]},"59":{"type":"branch","line":246,"loc":{"start":{"line":246,"column":7},"end":{"line":261,"column":1}},"locations":[{"start":{"line":246,"column":7},"end":{"line":261,"column":1}}]},"60":{"type":"branch","line":255,"loc":{"start":{"line":255,"column":42},"end":{"line":255,"column":87}},"locations":[{"start":{"line":255,"column":42},"end":{"line":255,"column":87}}]},"61":{"type":"branch","line":255,"loc":{"start":{"line":255,"column":83},"end":{"line":255,"column":89}},"locations":[{"start":{"line":255,"column":83},"end":{"line":255,"column":89}}]},"62":{"type":"branch","line":258,"loc":{"start":{"line":258,"column":21},"end":{"line":258,"column":61}},"locations":[{"start":{"line":258,"column":21},"end":{"line":258,"column":61}}]},"63":{"type":"branch","line":258,"loc":{"start":{"line":258,"column":57},"end":{"line":258,"column":63}},"locations":[{"start":{"line":258,"column":57},"end":{"line":258,"column":63}}]},"64":{"type":"branch","line":263,"loc":{"start":{"line":263,"column":7},"end":{"line":272,"column":1}},"locations":[{"start":{"line":263,"column":7},"end":{"line":272,"column":1}}]},"65":{"type":"branch","line":274,"loc":{"start":{"line":274,"column":7},"end":{"line":283,"column":1}},"locations":[{"start":{"line":274,"column":7},"end":{"line":283,"column":1}}]}},"b":{"0":[172],"1":[823],"2":[56],"3":[56],"4":[17],"5":[13],"6":[15],"7":[2],"8":[9],"9":[0],"10":[30],"11":[0],"12":[28],"13":[11],"14":[20],"15":[82],"16":[16],"17":[66],"18":[58],"19":[8],"20":[58],"21":[28],"22":[11],"23":[17],"24":[0],"25":[17],"26":[0],"27":[17],"28":[30],"29":[0],"30":[0],"31":[0],"32":[1],"33":[19],"34":[18],"35":[1],"36":[36],"37":[17],"38":[19],"39":[0],"40":[19],"41":[10],"42":[9],"43":[72],"44":[63],"45":[63],"46":[9],"47":[145],"48":[1],"49":[152],"50":[136],"51":[119],"52":[51],"53":[240],"54":[210],"55":[90],"56":[152],"57":[60],"58":[94],"59":[10],"60":[3],"61":[7],"62":[3],"63":[7],"64":[5],"65":[5]},"fnMap":{"0":{"name":"shuffleArray","decl":{"start":{"line":42,"column":0},"end":{"line":49,"column":1}},"loc":{"start":{"line":42,"column":0},"end":{"line":49,"column":1}},"line":42},"1":{"name":"getRandomItems","decl":{"start":{"line":51,"column":0},"end":{"line":53,"column":1}},"loc":{"start":{"line":51,"column":0},"end":{"line":53,"column":1}},"line":51},"2":{"name":"generateQuestionText","decl":{"start":{"line":55,"column":0},"end":{"line":74,"column":1}},"loc":{"start":{"line":55,"column":0},"end":{"line":74,"column":1}},"line":55},"3":{"name":"mapRelationshipTypeToQuestionType","decl":{"start":{"line":76,"column":0},"end":{"line":83,"column":1}},"loc":{"start":{"line":76,"column":0},"end":{"line":83,"column":1}},"line":76},"4":{"name":"getInverseQuestionType","decl":{"start":{"line":85,"column":0},"end":{"line":91,"column":1}},"loc":{"start":{"line":85,"column":0},"end":{"line":91,"column":1}},"line":85},"5":{"name":"generateRelationshipQuiz","decl":{"start":{"line":93,"column":7},"end":{"line":244,"column":1}},"loc":{"start":{"line":93,"column":7},"end":{"line":244,"column":1}},"line":93},"6":{"name":"calculateQuizXP","decl":{"start":{"line":246,"column":7},"end":{"line":261,"column":1}},"loc":{"start":{"line":246,"column":7},"end":{"line":261,"column":1}},"line":246},"7":{"name":"getQuestionTypeLabel","decl":{"start":{"line":263,"column":7},"end":{"line":272,"column":1}},"loc":{"start":{"line":263,"column":7},"end":{"line":272,"column":1}},"line":263},"8":{"name":"getQuestionTypeIcon","decl":{"start":{"line":274,"column":7},"end":{"line":283,"column":1}},"loc":{"start":{"line":274,"column":7},"end":{"line":283,"column":1}},"line":274}},"f":{"0":172,"1":56,"2":56,"3":30,"4":28,"5":20,"6":10,"7":5,"8":5}}
,"/Volumes/LizsDisk/Mythos/apps/web/src/lib/search.ts": {"path":"/Volumes/LizsDisk/Mythos/apps/web/src/lib/search.ts","all":false,"statementMap":{"5":{"start":{"line":6,"column":0},"end":{"line":6,"column":42}},"6":{"start":{"line":7,"column":0},"end":{"line":7,"column":42}},"7":{"start":{"line":8,"column":0},"end":{"line":8,"column":46}},"8":{"start":{"line":9,"column":0},"end":{"line":9,"column":46}},"9":{"start":{"line":10,"column":0},"end":{"line":10,"column":46}},"69":{"start":{"line":70,"column":0},"end":{"line":70,"column":47}},"70":{"start":{"line":71,"column":0},"end":{"line":71,"column":28}},"71":{"start":{"line":72,"column":0},"end":{"line":72,"column":28}},"72":{"start":{"line":73,"column":0},"end":{"line":73,"column":34}},"73":{"start":{"line":74,"column":0},"end":{"line":74,"column":28}},"74":{"start":{"line":75,"column":0},"end":{"line":75,"column":28}},"75":{"start":{"line":76,"column":0},"end":{"line":76,"column":34}},"76":{"start":{"line":77,"column":0},"end":{"line":77,"column":30}},"77":{"start":{"line":78,"column":0},"end":{"line":78,"column":42}},"78":{"start":{"line":79,"column":0},"end":{"line":79,"column":2}},"84":{"start":{"line":85,"column":0},"end":{"line":85,"column":98}},"85":{"start":{"line":86,"column":0},"end":{"line":86,"column":53}},"86":{"start":{"line":87,"column":0},"end":{"line":87,"column":21}},"88":{"start":{"line":89,"column":0},"end":{"line":89,"column":31}},"89":{"start":{"line":90,"column":0},"end":{"line":90,"column":31}},"90":{"start":{"line":91,"column":0},"end":{"line":91,"column":54}},"93":{"start":{"line":94,"column":0},"end":{"line":94,"column":46}},"94":{"start":{"line":95,"column":0},"end":{"line":95,"column":39}},"95":{"start":{"line":96,"column":0},"end":{"line":96,"column":5}},"97":{"start":{"line":98,"column":0},"end":{"line":98,"column":59}},"98":{"start":{"line":99,"column":0},"end":{"line":99,"column":38}},"99":{"start":{"line":100,"column":0},"end":{"line":100,"column":5}},"101":{"start":{"line":102,"column":0},"end":{"line":102,"column":114}},"102":{"start":{"line":103,"column":0},"end":{"line":103,"column":38}},"103":{"start":{"line":104,"column":0},"end":{"line":104,"column":5}},"105":{"start":{"line":106,"column":0},"end":{"line":106,"column":57}},"106":{"start":{"line":107,"column":0},"end":{"line":107,"column":38}},"107":{"start":{"line":108,"column":0},"end":{"line":108,"column":5}},"108":{"start":{"line":109,"column":0},"end":{"line":109,"column":3}},"110":{"start":{"line":111,"column":0},"end":{"line":111,"column":20}},"111":{"start":{"line":112,"column":0},"end":{"line":112,"column":1}},"116":{"start":{"line":117,"column":0},"end":{"line":117,"column":78}},"117":{"start":{"line":118,"column":0},"end":{"line":118,"column":42}},"118":{"start":{"line":119,"column":0},"end":{"line":119,"column":14}},"119":{"start":{"line":120,"column":0},"end":{"line":120,"column":3}},"121":{"start":{"line":122,"column":0},"end":{"line":122,"column":37}},"122":{"start":{"line":123,"column":0},"end":{"line":123,"column":53}},"125":{"start":{"line":126,"column":0},"end":{"line":126,"column":47}},"126":{"start":{"line":127,"column":0},"end":{"line":127,"column":68}},"127":{"start":{"line":128,"column":0},"end":{"line":128,"column":53}},"129":{"start":{"line":130,"column":0},"end":{"line":130,"column":56}},"130":{"start":{"line":131,"column":0},"end":{"line":131,"column":39}},"131":{"start":{"line":132,"column":0},"end":{"line":132,"column":48}},"132":{"start":{"line":133,"column":0},"end":{"line":133,"column":41}},"133":{"start":{"line":134,"column":0},"end":{"line":134,"column":46}},"134":{"start":{"line":135,"column":0},"end":{"line":135,"column":7}},"136":{"start":{"line":137,"column":0},"end":{"line":137,"column":20}},"137":{"start":{"line":138,"column":0},"end":{"line":138,"column":83}},"138":{"start":{"line":139,"column":0},"end":{"line":139,"column":20}},"139":{"start":{"line":140,"column":0},"end":{"line":140,"column":22}},"140":{"start":{"line":141,"column":0},"end":{"line":141,"column":21}},"141":{"start":{"line":142,"column":0},"end":{"line":142,"column":25}},"142":{"start":{"line":143,"column":0},"end":{"line":143,"column":26}},"143":{"start":{"line":144,"column":0},"end":{"line":144,"column":67}},"144":{"start":{"line":145,"column":0},"end":{"line":145,"column":26}},"145":{"start":{"line":146,"column":0},"end":{"line":146,"column":9}},"146":{"start":{"line":147,"column":0},"end":{"line":147,"column":5}},"147":{"start":{"line":148,"column":0},"end":{"line":148,"column":3}},"150":{"start":{"line":151,"column":0},"end":{"line":151,"column":47}},"151":{"start":{"line":152,"column":0},"end":{"line":152,"column":56}},"152":{"start":{"line":153,"column":0},"end":{"line":153,"column":40}},"153":{"start":{"line":154,"column":0},"end":{"line":154,"column":44}},"154":{"start":{"line":155,"column":0},"end":{"line":155,"column":49}},"155":{"start":{"line":156,"column":0},"end":{"line":156,"column":7}},"157":{"start":{"line":158,"column":0},"end":{"line":158,"column":20}},"158":{"start":{"line":159,"column":0},"end":{"line":159,"column":83}},"159":{"start":{"line":160,"column":0},"end":{"line":160,"column":20}},"160":{"start":{"line":161,"column":0},"end":{"line":161,"column":22}},"161":{"start":{"line":162,"column":0},"end":{"line":162,"column":21}},"162":{"start":{"line":163,"column":0},"end":{"line":163,"column":25}},"163":{"start":{"line":164,"column":0},"end":{"line":164,"column":27}},"164":{"start":{"line":165,"column":0},"end":{"line":165,"column":67}},"165":{"start":{"line":166,"column":0},"end":{"line":166,"column":26}},"166":{"start":{"line":167,"column":0},"end":{"line":167,"column":9}},"167":{"start":{"line":168,"column":0},"end":{"line":168,"column":5}},"168":{"start":{"line":169,"column":0},"end":{"line":169,"column":3}},"171":{"start":{"line":172,"column":0},"end":{"line":172,"column":55}},"172":{"start":{"line":173,"column":0},"end":{"line":173,"column":56}},"173":{"start":{"line":174,"column":0},"end":{"line":174,"column":42}},"174":{"start":{"line":175,"column":0},"end":{"line":175,"column":51}},"175":{"start":{"line":176,"column":0},"end":{"line":176,"column":51}},"176":{"start":{"line":177,"column":0},"end":{"line":177,"column":7}},"178":{"start":{"line":179,"column":0},"end":{"line":179,"column":20}},"179":{"start":{"line":180,"column":0},"end":{"line":180,"column":89}},"180":{"start":{"line":181,"column":0},"end":{"line":181,"column":20}},"181":{"start":{"line":182,"column":0},"end":{"line":182,"column":25}},"182":{"start":{"line":183,"column":0},"end":{"line":183,"column":24}},"183":{"start":{"line":184,"column":0},"end":{"line":184,"column":28}},"184":{"start":{"line":185,"column":0},"end":{"line":185,"column":29}},"185":{"start":{"line":186,"column":0},"end":{"line":186,"column":95}},"186":{"start":{"line":187,"column":0},"end":{"line":187,"column":26}},"187":{"start":{"line":188,"column":0},"end":{"line":188,"column":9}},"188":{"start":{"line":189,"column":0},"end":{"line":189,"column":5}},"189":{"start":{"line":190,"column":0},"end":{"line":190,"column":3}},"192":{"start":{"line":193,"column":0},"end":{"line":193,"column":55}},"193":{"start":{"line":194,"column":0},"end":{"line":194,"column":56}},"194":{"start":{"line":195,"column":0},"end":{"line":195,"column":42}},"195":{"start":{"line":196,"column":0},"end":{"line":196,"column":51}},"196":{"start":{"line":197,"column":0},"end":{"line":197,"column":48}},"197":{"start":{"line":198,"column":0},"end":{"line":198,"column":7}},"199":{"start":{"line":200,"column":0},"end":{"line":200,"column":20}},"200":{"start":{"line":201,"column":0},"end":{"line":201,"column":20}},"201":{"start":{"line":202,"column":0},"end":{"line":202,"column":25}},"202":{"start":{"line":203,"column":0},"end":{"line":203,"column":24}},"203":{"start":{"line":204,"column":0},"end":{"line":204,"column":28}},"204":{"start":{"line":205,"column":0},"end":{"line":205,"column":29}},"205":{"start":{"line":206,"column":0},"end":{"line":206,"column":115}},"206":{"start":{"line":207,"column":0},"end":{"line":207,"column":26}},"207":{"start":{"line":208,"column":0},"end":{"line":208,"column":9}},"208":{"start":{"line":209,"column":0},"end":{"line":209,"column":5}},"209":{"start":{"line":210,"column":0},"end":{"line":210,"column":3}},"212":{"start":{"line":213,"column":0},"end":{"line":213,"column":55}},"214":{"start":{"line":215,"column":0},"end":{"line":215,"column":55}},"216":{"start":{"line":217,"column":0},"end":{"line":217,"column":56}},"217":{"start":{"line":218,"column":0},"end":{"line":218,"column":42}},"218":{"start":{"line":219,"column":0},"end":{"line":219,"column":51}},"219":{"start":{"line":220,"column":0},"end":{"line":220,"column":56}},"220":{"start":{"line":221,"column":0},"end":{"line":221,"column":7}},"222":{"start":{"line":223,"column":0},"end":{"line":223,"column":20}},"223":{"start":{"line":224,"column":0},"end":{"line":224,"column":89}},"224":{"start":{"line":225,"column":0},"end":{"line":225,"column":74}},"225":{"start":{"line":226,"column":0},"end":{"line":226,"column":20}},"226":{"start":{"line":227,"column":0},"end":{"line":227,"column":25}},"227":{"start":{"line":228,"column":0},"end":{"line":228,"column":24}},"228":{"start":{"line":229,"column":0},"end":{"line":229,"column":19}},"229":{"start":{"line":230,"column":0},"end":{"line":230,"column":29}},"230":{"start":{"line":231,"column":0},"end":{"line":231,"column":30}},"231":{"start":{"line":232,"column":0},"end":{"line":232,"column":93}},"232":{"start":{"line":233,"column":0},"end":{"line":233,"column":87}},"233":{"start":{"line":234,"column":0},"end":{"line":234,"column":26}},"234":{"start":{"line":235,"column":0},"end":{"line":235,"column":9}},"235":{"start":{"line":236,"column":0},"end":{"line":236,"column":5}},"236":{"start":{"line":237,"column":0},"end":{"line":237,"column":3}},"239":{"start":{"line":240,"column":0},"end":{"line":240,"column":16}},"240":{"start":{"line":241,"column":0},"end":{"line":241,"column":48}},"241":{"start":{"line":242,"column":0},"end":{"line":242,"column":21}},"242":{"start":{"line":243,"column":0},"end":{"line":243,"column":1}},"245":{"start":{"line":246,"column":0},"end":{"line":246,"column":26}},"246":{"start":{"line":247,"column":0},"end":{"line":247,"column":9}},"247":{"start":{"line":248,"column":0},"end":{"line":248,"column":9}},"248":{"start":{"line":249,"column":0},"end":{"line":249,"column":9}},"249":{"start":{"line":250,"column":0},"end":{"line":250,"column":13}},"250":{"start":{"line":251,"column":0},"end":{"line":251,"column":13}},"251":{"start":{"line":252,"column":0},"end":{"line":252,"column":12}},"252":{"start":{"line":253,"column":0},"end":{"line":253,"column":11}},"253":{"start":{"line":254,"column":0},"end":{"line":254,"column":13}},"254":{"start":{"line":255,"column":0},"end":{"line":255,"column":10}},"255":{"start":{"line":256,"column":0},"end":{"line":256,"column":16}},"256":{"start":{"line":257,"column":0},"end":{"line":257,"column":2}},"261":{"start":{"line":262,"column":0},"end":{"line":262,"column":48}},"262":{"start":{"line":263,"column":0},"end":{"line":263,"column":26}},"263":{"start":{"line":264,"column":0},"end":{"line":264,"column":1}},"266":{"start":{"line":267,"column":0},"end":{"line":267,"column":59}},"267":{"start":{"line":268,"column":0},"end":{"line":268,"column":31}},"272":{"start":{"line":273,"column":0},"end":{"line":273,"column":47}},"273":{"start":{"line":274,"column":0},"end":{"line":274,"column":38}},"274":{"start":{"line":275,"column":0},"end":{"line":275,"column":14}},"275":{"start":{"line":276,"column":0},"end":{"line":276,"column":3}},"277":{"start":{"line":278,"column":0},"end":{"line":278,"column":7}},"278":{"start":{"line":279,"column":0},"end":{"line":279,"column":61}},"279":{"start":{"line":280,"column":0},"end":{"line":280,"column":27}},"280":{"start":{"line":281,"column":0},"end":{"line":281,"column":38}},"281":{"start":{"line":282,"column":0},"end":{"line":282,"column":47}},"282":{"start":{"line":283,"column":0},"end":{"line":283,"column":11}},"283":{"start":{"line":284,"column":0},"end":{"line":284,"column":14}},"284":{"start":{"line":285,"column":0},"end":{"line":285,"column":3}},"285":{"start":{"line":286,"column":0},"end":{"line":286,"column":1}},"290":{"start":{"line":291,"column":0},"end":{"line":291,"column":55}},"291":{"start":{"line":292,"column":0},"end":{"line":292,"column":55}},"292":{"start":{"line":293,"column":0},"end":{"line":293,"column":11}},"293":{"start":{"line":294,"column":0},"end":{"line":294,"column":3}},"295":{"start":{"line":296,"column":0},"end":{"line":296,"column":7}},"296":{"start":{"line":297,"column":0},"end":{"line":297,"column":39}},"297":{"start":{"line":298,"column":0},"end":{"line":298,"column":36}},"300":{"start":{"line":301,"column":0},"end":{"line":301,"column":86}},"303":{"start":{"line":304,"column":0},"end":{"line":304,"column":76}},"305":{"start":{"line":306,"column":0},"end":{"line":306,"column":71}},"306":{"start":{"line":307,"column":0},"end":{"line":307,"column":11}},"308":{"start":{"line":309,"column":0},"end":{"line":309,"column":3}},"309":{"start":{"line":310,"column":0},"end":{"line":310,"column":1}},"314":{"start":{"line":315,"column":0},"end":{"line":315,"column":45}},"315":{"start":{"line":316,"column":0},"end":{"line":316,"column":38}},"316":{"start":{"line":317,"column":0},"end":{"line":317,"column":11}},"317":{"start":{"line":318,"column":0},"end":{"line":318,"column":3}},"319":{"start":{"line":320,"column":0},"end":{"line":320,"column":7}},"320":{"start":{"line":321,"column":0},"end":{"line":321,"column":49}},"321":{"start":{"line":322,"column":0},"end":{"line":322,"column":11}},"323":{"start":{"line":324,"column":0},"end":{"line":324,"column":3}},"324":{"start":{"line":325,"column":0},"end":{"line":325,"column":1}},"329":{"start":{"line":330,"column":0},"end":{"line":330,"column":60}},"330":{"start":{"line":331,"column":0},"end":{"line":331,"column":51}},"331":{"start":{"line":332,"column":0},"end":{"line":332,"column":22}},"332":{"start":{"line":333,"column":0},"end":{"line":333,"column":22}},"333":{"start":{"line":334,"column":0},"end":{"line":334,"column":27}},"334":{"start":{"line":335,"column":0},"end":{"line":335,"column":27}},"335":{"start":{"line":336,"column":0},"end":{"line":336,"column":27}},"336":{"start":{"line":337,"column":0},"end":{"line":337,"column":4}},"338":{"start":{"line":339,"column":0},"end":{"line":339,"column":53}},"339":{"start":{"line":340,"column":0},"end":{"line":340,"column":1}}},"s":{"5":1,"6":1,"7":1,"8":1,"9":1,"69":1,"70":1,"71":1,"72":1,"73":1,"74":1,"75":1,"76":1,"77":1,"78":1,"84":5400,"85":5400,"86":5400,"88":5400,"89":18420,"90":18375,"93":18420,"94":10,"95":10,"97":18365,"98":101,"99":101,"101":18264,"102":536,"103":536,"105":17728,"106":61,"107":61,"108":18420,"110":5400,"111":5400,"116":1,"117":20,"118":5,"119":5,"121":15,"122":15,"125":20,"126":2220,"127":2220,"129":2220,"130":2220,"131":2220,"132":2220,"133":2220,"134":2220,"136":2220,"137":383,"138":383,"139":383,"140":383,"141":383,"142":383,"143":383,"144":383,"145":383,"146":383,"147":2220,"150":20,"151":960,"152":960,"153":960,"154":960,"155":960,"157":960,"158":89,"159":89,"160":89,"161":89,"162":89,"163":89,"164":89,"165":89,"166":89,"167":89,"168":960,"171":20,"172":435,"173":435,"174":435,"175":435,"176":435,"178":435,"179":29,"180":29,"181":29,"182":29,"183":29,"184":29,"185":29,"186":29,"187":29,"188":29,"189":435,"192":20,"193":510,"194":510,"195":510,"196":510,"197":510,"199":510,"200":61,"201":61,"202":61,"203":61,"204":61,"205":61,"206":61,"207":61,"208":61,"209":510,"212":20,"214":1275,"216":1275,"217":1275,"218":1275,"219":1275,"220":1275,"222":1275,"223":70,"224":70,"225":70,"226":70,"227":70,"228":70,"229":70,"230":70,"231":50,"232":20,"233":70,"234":70,"235":70,"236":1275,"239":15,"240":15,"241":15,"242":15,"245":1,"246":1,"247":1,"248":1,"249":1,"250":1,"251":1,"252":1,"253":1,"254":1,"255":1,"256":1,"261":1,"262":4,"263":4,"266":1,"267":1,"272":1,"273":26,"274":0,"275":0,"277":26,"278":26,"279":26,"280":19,"281":26,"282":26,"283":1,"284":1,"285":26,"290":1,"291":24,"292":2,"293":2,"295":22,"296":22,"297":22,"300":22,"303":22,"305":22,"306":24,"308":0,"309":24,"314":1,"315":1,"316":0,"317":0,"319":1,"320":1,"321":1,"323":0,"324":1,"329":1,"330":10,"331":10,"332":10,"333":10,"334":10,"335":10,"336":10,"338":10,"339":10},"branchMap":{"0":{"type":"branch","line":85,"loc":{"start":{"line":85,"column":0},"end":{"line":112,"column":1}},"locations":[{"start":{"line":85,"column":0},"end":{"line":112,"column":1}}]},"1":{"type":"branch","line":89,"loc":{"start":{"line":89,"column":30},"end":{"line":109,"column":3}},"locations":[{"start":{"line":89,"column":30},"end":{"line":109,"column":3}}]},"2":{"type":"branch","line":90,"loc":{"start":{"line":90,"column":22},"end":{"line":90,"column":31}},"locations":[{"start":{"line":90,"column":22},"end":{"line":90,"column":31}}]},"3":{"type":"branch","line":90,"loc":{"start":{"line":90,"column":22},"end":{"line":94,"column":45}},"locations":[{"start":{"line":90,"column":22},"end":{"line":94,"column":45}}]},"4":{"type":"branch","line":94,"loc":{"start":{"line":94,"column":45},"end":{"line":96,"column":5}},"locations":[{"start":{"line":94,"column":45},"end":{"line":96,"column":5}}]},"5":{"type":"branch","line":96,"loc":{"start":{"line":96,"column":4},"end":{"line":108,"column":5}},"locations":[{"start":{"line":96,"column":4},"end":{"line":108,"column":5}}]},"6":{"type":"branch","line":98,"loc":{"start":{"line":98,"column":58},"end":{"line":100,"column":5}},"locations":[{"start":{"line":98,"column":58},"end":{"line":100,"column":5}}]},"7":{"type":"branch","line":100,"loc":{"start":{"line":100,"column":4},"end":{"line":108,"column":5}},"locations":[{"start":{"line":100,"column":4},"end":{"line":108,"column":5}}]},"8":{"type":"branch","line":102,"loc":{"start":{"line":102,"column":59},"end":{"line":102,"column":113}},"locations":[{"start":{"line":102,"column":59},"end":{"line":102,"column":113}}]},"9":{"type":"branch","line":102,"loc":{"start":{"line":102,"column":113},"end":{"line":104,"column":5}},"locations":[{"start":{"line":102,"column":113},"end":{"line":104,"column":5}}]},"10":{"type":"branch","line":104,"loc":{"start":{"line":104,"column":4},"end":{"line":108,"column":5}},"locations":[{"start":{"line":104,"column":4},"end":{"line":108,"column":5}}]},"11":{"type":"branch","line":106,"loc":{"start":{"line":106,"column":56},"end":{"line":108,"column":5}},"locations":[{"start":{"line":106,"column":56},"end":{"line":108,"column":5}}]},"12":{"type":"branch","line":117,"loc":{"start":{"line":117,"column":7},"end":{"line":243,"column":1}},"locations":[{"start":{"line":117,"column":7},"end":{"line":243,"column":1}}]},"13":{"type":"branch","line":118,"loc":{"start":{"line":118,"column":7},"end":{"line":118,"column":41}},"locations":[{"start":{"line":118,"column":7},"end":{"line":118,"column":41}}]},"14":{"type":"branch","line":118,"loc":{"start":{"line":118,"column":41},"end":{"line":120,"column":3}},"locations":[{"start":{"line":118,"column":41},"end":{"line":120,"column":3}}]},"15":{"type":"branch","line":120,"loc":{"start":{"line":120,"column":2},"end":{"line":126,"column":46}},"locations":[{"start":{"line":120,"column":2},"end":{"line":126,"column":46}}]},"16":{"type":"branch","line":126,"loc":{"start":{"line":126,"column":46},"end":{"line":148,"column":3}},"locations":[{"start":{"line":126,"column":46},"end":{"line":148,"column":3}}]},"17":{"type":"branch","line":127,"loc":{"start":{"line":127,"column":60},"end":{"line":127,"column":68}},"locations":[{"start":{"line":127,"column":60},"end":{"line":127,"column":68}}]},"18":{"type":"branch","line":128,"loc":{"start":{"line":128,"column":45},"end":{"line":128,"column":53}},"locations":[{"start":{"line":128,"column":45},"end":{"line":128,"column":53}}]},"19":{"type":"branch","line":137,"loc":{"start":{"line":137,"column":19},"end":{"line":147,"column":5}},"locations":[{"start":{"line":137,"column":19},"end":{"line":147,"column":5}}]},"20":{"type":"branch","line":138,"loc":{"start":{"line":138,"column":76},"end":{"line":138,"column":83}},"locations":[{"start":{"line":138,"column":76},"end":{"line":138,"column":83}}]},"21":{"type":"branch","line":144,"loc":{"start":{"line":144,"column":18},"end":{"line":144,"column":59}},"locations":[{"start":{"line":144,"column":18},"end":{"line":144,"column":59}}]},"22":{"type":"branch","line":144,"loc":{"start":{"line":144,"column":48},"end":{"line":144,"column":67}},"locations":[{"start":{"line":144,"column":48},"end":{"line":144,"column":67}}]},"23":{"type":"branch","line":148,"loc":{"start":{"line":148,"column":2},"end":{"line":151,"column":46}},"locations":[{"start":{"line":148,"column":2},"end":{"line":151,"column":46}}]},"24":{"type":"branch","line":151,"loc":{"start":{"line":151,"column":46},"end":{"line":169,"column":3}},"locations":[{"start":{"line":151,"column":46},"end":{"line":169,"column":3}}]},"25":{"type":"branch","line":155,"loc":{"start":{"line":155,"column":21},"end":{"line":155,"column":37}},"locations":[{"start":{"line":155,"column":21},"end":{"line":155,"column":37}}]},"26":{"type":"branch","line":158,"loc":{"start":{"line":158,"column":19},"end":{"line":168,"column":5}},"locations":[{"start":{"line":158,"column":19},"end":{"line":168,"column":5}}]},"27":{"type":"branch","line":159,"loc":{"start":{"line":159,"column":76},"end":{"line":159,"column":83}},"locations":[{"start":{"line":159,"column":76},"end":{"line":159,"column":83}}]},"28":{"type":"branch","line":165,"loc":{"start":{"line":165,"column":18},"end":{"line":165,"column":59}},"locations":[{"start":{"line":165,"column":18},"end":{"line":165,"column":59}}]},"29":{"type":"branch","line":165,"loc":{"start":{"line":165,"column":48},"end":{"line":165,"column":67}},"locations":[{"start":{"line":165,"column":48},"end":{"line":165,"column":67}}]},"30":{"type":"branch","line":169,"loc":{"start":{"line":169,"column":2},"end":{"line":172,"column":54}},"locations":[{"start":{"line":169,"column":2},"end":{"line":172,"column":54}}]},"31":{"type":"branch","line":172,"loc":{"start":{"line":172,"column":54},"end":{"line":190,"column":3}},"locations":[{"start":{"line":172,"column":54},"end":{"line":190,"column":3}}]},"32":{"type":"branch","line":176,"loc":{"start":{"line":176,"column":24},"end":{"line":176,"column":39}},"locations":[{"start":{"line":176,"column":24},"end":{"line":176,"column":39}}]},"33":{"type":"branch","line":179,"loc":{"start":{"line":179,"column":19},"end":{"line":189,"column":5}},"locations":[{"start":{"line":179,"column":19},"end":{"line":189,"column":5}}]},"34":{"type":"branch","line":180,"loc":{"start":{"line":180,"column":82},"end":{"line":180,"column":89}},"locations":[{"start":{"line":180,"column":82},"end":{"line":180,"column":89}}]},"35":{"type":"branch","line":186,"loc":{"start":{"line":186,"column":27},"end":{"line":186,"column":95}},"locations":[{"start":{"line":186,"column":27},"end":{"line":186,"column":95}}]},"36":{"type":"branch","line":190,"loc":{"start":{"line":190,"column":2},"end":{"line":193,"column":54}},"locations":[{"start":{"line":190,"column":2},"end":{"line":193,"column":54}}]},"37":{"type":"branch","line":193,"loc":{"start":{"line":193,"column":54},"end":{"line":210,"column":3}},"locations":[{"start":{"line":193,"column":54},"end":{"line":210,"column":3}}]},"38":{"type":"branch","line":197,"loc":{"start":{"line":197,"column":24},"end":{"line":197,"column":36}},"locations":[{"start":{"line":197,"column":24},"end":{"line":197,"column":36}}]},"39":{"type":"branch","line":200,"loc":{"start":{"line":200,"column":19},"end":{"line":209,"column":5}},"locations":[{"start":{"line":200,"column":19},"end":{"line":209,"column":5}}]},"40":{"type":"branch","line":206,"loc":{"start":{"line":206,"column":99},"end":{"line":206,"column":115}},"locations":[{"start":{"line":206,"column":99},"end":{"line":206,"column":115}}]},"41":{"type":"branch","line":210,"loc":{"start":{"line":210,"column":2},"end":{"line":213,"column":54}},"locations":[{"start":{"line":210,"column":2},"end":{"line":213,"column":54}}]},"42":{"type":"branch","line":213,"loc":{"start":{"line":213,"column":54},"end":{"line":237,"column":3}},"locations":[{"start":{"line":213,"column":54},"end":{"line":237,"column":3}}]},"43":{"type":"branch","line":220,"loc":{"start":{"line":220,"column":24},"end":{"line":220,"column":44}},"locations":[{"start":{"line":220,"column":24},"end":{"line":220,"column":44}}]},"44":{"type":"branch","line":223,"loc":{"start":{"line":223,"column":19},"end":{"line":236,"column":5}},"locations":[{"start":{"line":223,"column":19},"end":{"line":236,"column":5}}]},"45":{"type":"branch","line":224,"loc":{"start":{"line":224,"column":82},"end":{"line":224,"column":89}},"locations":[{"start":{"line":224,"column":82},"end":{"line":224,"column":89}}]},"46":{"type":"branch","line":225,"loc":{"start":{"line":225,"column":66},"end":{"line":225,"column":74}},"locations":[{"start":{"line":225,"column":66},"end":{"line":225,"column":74}}]},"47":{"type":"branch","line":231,"loc":{"start":{"line":231,"column":18},"end":{"line":232,"column":93}},"locations":[{"start":{"line":231,"column":18},"end":{"line":232,"column":93}}]},"48":{"type":"branch","line":232,"loc":{"start":{"line":232,"column":91},"end":{"line":233,"column":87}},"locations":[{"start":{"line":232,"column":91},"end":{"line":233,"column":87}}]},"49":{"type":"branch","line":233,"loc":{"start":{"line":233,"column":71},"end":{"line":233,"column":87}},"locations":[{"start":{"line":233,"column":71},"end":{"line":233,"column":87}}]},"50":{"type":"branch","line":237,"loc":{"start":{"line":237,"column":2},"end":{"line":243,"column":1}},"locations":[{"start":{"line":237,"column":2},"end":{"line":243,"column":1}}]},"51":{"type":"branch","line":241,"loc":{"start":{"line":241,"column":10},"end":{"line":241,"column":47}},"locations":[{"start":{"line":241,"column":10},"end":{"line":241,"column":47}}]},"52":{"type":"branch","line":262,"loc":{"start":{"line":262,"column":7},"end":{"line":264,"column":1}},"locations":[{"start":{"line":262,"column":7},"end":{"line":264,"column":1}}]},"53":{"type":"branch","line":273,"loc":{"start":{"line":273,"column":7},"end":{"line":286,"column":1}},"locations":[{"start":{"line":273,"column":7},"end":{"line":286,"column":1}}]},"54":{"type":"branch","line":274,"loc":{"start":{"line":274,"column":37},"end":{"line":276,"column":3}},"locations":[{"start":{"line":274,"column":37},"end":{"line":276,"column":3}}]},"55":{"type":"branch","line":280,"loc":{"start":{"line":280,"column":17},"end":{"line":280,"column":27}},"locations":[{"start":{"line":280,"column":17},"end":{"line":280,"column":27}}]},"56":{"type":"branch","line":280,"loc":{"start":{"line":280,"column":25},"end":{"line":282,"column":35}},"locations":[{"start":{"line":280,"column":25},"end":{"line":282,"column":35}}]},"57":{"type":"branch","line":282,"loc":{"start":{"line":282,"column":31},"end":{"line":282,"column":4
[...]
line":173,"column":0},"end":{"line":173,"column":58}},"173":{"start":{"line":174,"column":0},"end":{"line":174,"column":28}},"174":{"start":{"line":175,"column":0},"end":{"line":175,"column":14}},"175":{"start":{"line":176,"column":0},"end":{"line":176,"column":48}},"176":{"start":{"line":177,"column":0},"end":{"line":177,"column":8}},"177":{"start":{"line":178,"column":0},"end":{"line":178,"column":9}},"179":{"start":{"line":180,"column":0},"end":{"line":180,"column":59}},"180":{"start":{"line":181,"column":0},"end":{"line":181,"column":27}},"181":{"start":{"line":182,"column":0},"end":{"line":182,"column":49}},"182":{"start":{"line":183,"column":0},"end":{"line":183,"column":20}},"183":{"start":{"line":184,"column":0},"end":{"line":184,"column":7}},"184":{"start":{"line":185,"column":0},"end":{"line":185,"column":14}},"185":{"start":{"line":186,"column":0},"end":{"line":186,"column":16}},"186":{"start":{"line":187,"column":0},"end":{"line":187,"column":56}},"187":{"start":{"line":188,"column":0},"end":{"line":188,"column":8}},"188":{"start":{"line":189,"column":0},"end":{"line":189,"column":7}},"189":{"start":{"line":190,"column":0},"end":{"line":190,"column":9}},"191":{"start":{"line":192,"column":0},"end":{"line":192,"column":59}},"192":{"start":{"line":193,"column":0},"end":{"line":193,"column":27}},"193":{"start":{"line":194,"column":0},"end":{"line":194,"column":47}},"194":{"start":{"line":195,"column":0},"end":{"line":195,"column":20}},"195":{"start":{"line":196,"column":0},"end":{"line":196,"column":7}},"196":{"start":{"line":197,"column":0},"end":{"line":197,"column":14}},"197":{"start":{"line":198,"column":0},"end":{"line":198,"column":16}},"198":{"start":{"line":199,"column":0},"end":{"line":199,"column":52}},"199":{"start":{"line":200,"column":0},"end":{"line":200,"column":8}},"200":{"start":{"line":201,"column":0},"end":{"line":201,"column":7}},"201":{"start":{"line":202,"column":0},"end":{"line":202,"column":9}},"203":{"start":{"line":204,"column":0},"end":{"line":204,"column":68}},"204":{"start":{"line":205,"column":0},"end":{"line":205,"column":27}},"205":{"start":{"line":206,"column":0},"end":{"line":206,"column":56}},"206":{"start":{"line":207,"column":0},"end":{"line":207,"column":20}},"207":{"start":{"line":208,"column":0},"end":{"line":208,"column":7}},"208":{"start":{"line":209,"column":0},"end":{"line":209,"column":14}},"209":{"start":{"line":210,"column":0},"end":{"line":210,"column":16}},"210":{"start":{"line":211,"column":0},"end":{"line":211,"column":67}},"211":{"start":{"line":212,"column":0},"end":{"line":212,"column":8}},"212":{"start":{"line":213,"column":0},"end":{"line":213,"column":7}},"213":{"start":{"line":214,"column":0},"end":{"line":214,"column":9}},"215":{"start":{"line":216,"column":0},"end":{"line":216,"column":66}},"216":{"start":{"line":217,"column":0},"end":{"line":217,"column":27}},"217":{"start":{"line":218,"column":0},"end":{"line":218,"column":55}},"218":{"start":{"line":219,"column":0},"end":{"line":219,"column":20}},"219":{"start":{"line":220,"column":0},"end":{"line":220,"column":7}},"220":{"start":{"line":221,"column":0},"end":{"line":221,"column":14}},"221":{"start":{"line":222,"column":0},"end":{"line":222,"column":16}},"222":{"start":{"line":223,"column":0},"end":{"line":223,"column":65}},"223":{"start":{"line":224,"column":0},"end":{"line":224,"column":8}},"224":{"start":{"line":225,"column":0},"end":{"line":225,"column":7}},"225":{"start":{"line":226,"column":0},"end":{"line":226,"column":9}},"227":{"start":{"line":228,"column":0},"end":{"line":228,"column":74}},"228":{"start":{"line":229,"column":0},"end":{"line":229,"column":28}},"229":{"start":{"line":230,"column":0},"end":{"line":230,"column":14}},"230":{"start":{"line":231,"column":0},"end":{"line":231,"column":19}},"231":{"start":{"line":232,"column":0},"end":{"line":232,"column":27}},"232":{"start":{"line":233,"column":0},"end":{"line":233,"column":64}},"233":{"start":{"line":234,"column":0},"end":{"line":234,"column":8}},"234":{"start":{"line":235,"column":0},"end":{"line":235,"column":8}},"235":{"start":{"line":236,"column":0},"end":{"line":236,"column":9}},"237":{"start":{"line":238,"column":0},"end":{"line":238,"column":80}},"238":{"start":{"line":239,"column":0},"end":{"line":239,"column":27}},"239":{"start":{"line":240,"column":0},"end":{"line":240,"column":54}},"240":{"start":{"line":241,"column":0},"end":{"line":241,"column":20}},"241":{"start":{"line":242,"column":0},"end":{"line":242,"column":7}},"242":{"start":{"line":243,"column":0},"end":{"line":243,"column":14}},"243":{"start":{"line":244,"column":0},"end":{"line":244,"column":16}},"244":{"start":{"line":245,"column":0},"end":{"line":245,"column":60}},"245":{"start":{"line":246,"column":0},"end":{"line":246,"column":35}},"246":{"start":{"line":247,"column":0},"end":{"line":247,"column":8}},"247":{"start":{"line":248,"column":0},"end":{"line":248,"column":7}},"248":{"start":{"line":249,"column":0},"end":{"line":249,"column":9}},"250":{"start":{"line":251,"column":0},"end":{"line":251,"column":53}},"251":{"start":{"line":252,"column":0},"end":{"line":252,"column":63}},"252":{"start":{"line":253,"column":0},"end":{"line":253,"column":28}},"253":{"start":{"line":254,"column":0},"end":{"line":254,"column":32}},"254":{"start":{"line":255,"column":0},"end":{"line":255,"column":89}},"255":{"start":{"line":256,"column":0},"end":{"line":256,"column":12}},"257":{"start":{"line":258,"column":0},"end":{"line":258,"column":12}},"258":{"start":{"line":259,"column":0},"end":{"line":259,"column":56}},"259":{"start":{"line":260,"column":0},"end":{"line":260,"column":52}},"260":{"start":{"line":261,"column":0},"end":{"line":261,"column":64}},"261":{"start":{"line":262,"column":0},"end":{"line":262,"column":62}},"262":{"start":{"line":263,"column":0},"end":{"line":263,"column":48}},"263":{"start":{"line":264,"column":0},"end":{"line":264,"column":63}},"264":{"start":{"line":265,"column":0},"end":{"line":265,"column":54}},"265":{"start":{"line":266,"column":0},"end":{"line":266,"column":32}},"266":{"start":{"line":267,"column":0},"end":{"line":267,"column":40}},"267":{"start":{"line":268,"column":0},"end":{"line":268,"column":6}},"268":{"start":{"line":269,"column":0},"end":{"line":269,"column":17}},"270":{"start":{"line":271,"column":0},"end":{"line":271,"column":10}},"271":{"start":{"line":272,"column":0},"end":{"line":272,"column":29}},"272":{"start":{"line":273,"column":0},"end":{"line":273,"column":14}},"273":{"start":{"line":274,"column":0},"end":{"line":274,"column":17}},"274":{"start":{"line":275,"column":0},"end":{"line":275,"column":23}},"275":{"start":{"line":276,"column":0},"end":{"line":276,"column":23}},"276":{"start":{"line":277,"column":0},"end":{"line":277,"column":29}},"277":{"start":{"line":278,"column":0},"end":{"line":278,"column":27}},"278":{"start":{"line":279,"column":0},"end":{"line":279,"column":24}},"279":{"start":{"line":280,"column":0},"end":{"line":280,"column":26}},"280":{"start":{"line":281,"column":0},"end":{"line":281,"column":21}},"281":{"start":{"line":282,"column":0},"end":{"line":282,"column":17}},"282":{"start":{"line":283,"column":0},"end":{"line":283,"column":24}},"283":{"start":{"line":284,"column":0},"end":{"line":284,"column":24}},"284":{"start":{"line":285,"column":0},"end":{"line":285,"column":8}},"286":{"start":{"line":287,"column":0},"end":{"line":287,"column":16}},"287":{"start":{"line":288,"column":0},"end":{"line":288,"column":31}},"289":{"start":{"line":290,"column":0},"end":{"line":290,"column":1}}},"s":{"2":1,"43":1,"45":1,"46":1,"47":1,"48":1,"49":1,"50":1,"51":1,"52":1,"53":1,"54":1,"55":1,"56":1,"58":1,"60":23,"61":23,"62":23,"64":23,"65":23,"66":23,"67":23,"68":23,"70":23,"71":23,"72":23,"73":23,"74":23,"75":11,"77":11,"78":11,"79":12,"80":23,"81":1,"82":1,"83":23,"85":51,"86":51,"87":51,"88":51,"90":0,"91":51,"93":1,"94":83,"95":83,"98":83,"99":23,"100":23,"101":83,"104":83,"105":74,"106":51,"107":51,"108":83,"111":83,"112":46,"113":23,"114":23,"116":83,"118":83,"119":23,"120":23,"121":23,"124":23,"125":7,"126":7,"129":23,"130":1,"131":1,"132":1,"133":1,"134":1,"135":1,"138":23,"139":1,"140":1,"141":1,"142":1,"144":1,"145":1,"148":14,"149":14,"150":14,"151":14,"152":14,"153":23,"154":83,"156":83,"157":3,"158":3,"160":3,"161":1,"162":1,"163":1,"164":1,"165":1,"166":1,"167":2,"168":3,"169":3,"170":83,"172":83,"173":1,"174":1,"175":1,"176":1,"177":83,"179":83,"180":4,"181":4,"182":1,"183":1,"184":3,"185":3,"186":3,"187":3,"188":4,"189":83,"191":83,"192":3,"193":3,"194":1,"195":1,"196":2,"197":2,"198":2,"199":2,"200":3,"201":83,"203":83,"204":0,"205":0,"206":0,"207":0,"208":0,"209":0,"210":0,"211":0,"212":0,"213":83,"215":83,"216":0,"217":0,"218":0,"219":0,"220":0,"221":0,"222":0,"223":0,"224":0,"225":83,"227":83,"228":3,"229":3,"230":3,"231":3,"232":3,"233":3,"234":3,"235":83,"237":83,"238":3,"239":3,"240":1,"241":1,"242":2,"243":2,"244":2,"245":2,"246":2,"247":3,"248":83,"250":83,"251":2,"252":2,"253":2,"254":1,"255":1,"257":2,"258":2,"259":2,"260":2,"261":2,"262":2,"263":2,"264":2,"265":2,"266":2,"267":2,"268":83,"270":83,"271":83,"272":83,"273":83,"274":83,"275":83,"276":83,"277":83,"278":83,"279":83,"280":83,"281":83,"282":83,"283":83,"284":83,"286":83,"287":83,"289":83},"branchMap":{"0":{"type":"branch","line":61,"loc":{"start":{"line":61,"column":0},"end":{"line":63,"column":1}},"locations":[{"start":{"line":61,"column":0},"end":{"line":63,"column":1}}]},"1":{"type":"branch","line":65,"loc":{"start":{"line":65,"column":0},"end":{"line":69,"column":1}},"locations":[{"start":{"line":65,"column":0},"end":{"line":69,"column":1}}]},"2":{"type":"branch","line":71,"loc":{"start":{"line":71,"column":0},"end":{"line":84,"column":1}},"locations":[{"start":{"line":71,"column":0},"end":{"line":84,"column":1}}]},"3":{"type":"branch","line":72,"loc":{"start":{"line":72,"column":37},"end":{"line":72,"column":61}},"locations":[{"start":{"line":72,"column":37},"end":{"line":72,"column":61}}]},"4":{"type":"branch","line":75,"loc":{"start":{"line":75,"column":16},"end":{"line":79,"column":5}},"locations":[{"start":{"line":75,"column":16},"end":{"line":79,"column":5}}]},"5":{"type":"branch","line":79,"loc":{"start":{"line":79,"column":4},"end":{"line":81,"column":10}},"locations":[{"start":{"line":79,"column":4},"end":{"line":81,"column":10}}]},"6":{"type":"branch","line":81,"loc":{"start":{"line":81,"column":2},"end":{"line":83,"column":3}},"locations":[{"start":{"line":81,"column":2},"end":{"line":83,"column":3}}]},"7":{"type":"branch","line":86,"loc":{"start":{"line":86,"column":0},"end":{"line":92,"column":1}},"locations":[{"start":{"line":86,"column":0},"end":{"line":92,"column":1}}]},"8":{"type":"branch","line":89,"loc":{"start":{"line":89,"column":2},"end":{"line":91,"column":3}},"locations":[{"start":{"line":89,"column":2},"end":{"line":91,"column":3}}]},"9":{"type":"branch","line":94,"loc":{"start":{"line":94,"column":7},"end":{"line":290,"column":1}},"locations":[{"start":{"line":94,"column":7},"end":{"line":290,"column":1}}]},"10":{"type":"branch","line":99,"loc":{"start":{"line":99,"column":12},"end":{"line":102,"column":5}},"locations":[{"start":{"line":99,"column":12},"end":{"line":102,"column":5}}]},"11":{"type":"branch","line":105,"loc":{"start":{"line":105,"column":12},"end":{"line":109,"column":5}},"locations":[{"start":{"line":105,"column":12},"end":{"line":109,"column":5}}]},"12":{"type":"branch","line":106,"loc":{"start":{"line":106,"column":17},"end":{"line":108,"column":5}},"locations":[{"start":{"line":106,"column":17},"end":{"line":108,"column":5}}]},"13":{"type":"branch","line":112,"loc":{"start":{"line":112,"column":12},"end":{"line":117,"column":5}},"locations":[{"start":{"line":112,"column":12},"end":{"line":117,"column":5}}]},"14":{"type":"branch","line":113,"loc":{"start":{"line":113,"column":17},"end":{"line":115,"column":5}},"locations":[{"start":{"line":113,"column":17},"end":{"line":115,"column":5}}]},"15":{"type":"branch","line":119,"loc":{"start":{"line":119,"column":35},"end":{"line":155,"column":5}},"locations":[{"start":{"line":119,"column":35},"end":{"line":155,"column":5}}]},"16":{"type":"branch","line":120,"loc":{"start":{"line":120,"column":16},"end":{"line":154,"column":5}},"locations":[{"start":{"line":120,"column":16},"end":{"line":154,"column":5}}]},"17":{"type":"branch","line":125,"loc":{"start":{"line":125,"column":36},"end":{"line":127,"column":7}},"locations":[{"start":{"line":125,"column":36},"end":{"line":127,"column":7}}]},"18":{"type":"branch","line":127,"loc":{"start":{"line":127,"column":6},"end":{"line":130,"column":40}},"locations":[{"start":{"line":127,"column":6},"end":{"line":130,"column":40}}]},"19":{"type":"branch","line":130,"loc":{"start":{"line":130,"column":40},"end":{"line":136,"column":7}},"locations":[{"start":{"line":130,"column":40},"end":{"line":136,"column":7}}]},"20":{"type":"branch","line":136,"loc":{"start":{"line":136,"column":6},"end":{"line":139,"column":36}},"locations":[{"start":{"line":136,"column":6},"end":{"line":139,"column":36}}]},"21":{"type":"branch","line":139,"loc":{"start":{"line":139,"column":31},"end":{"line":139,"column":60}},"locations":[{"start":{"line":139,"column":31},"end":{"line":139,"column":60}}]},"22":{"type":"branch","line":139,"loc":{"start":{"line":139,"column":55},"end":{"line":139,"column":83}},"locations":[{"start":{"line":139,"column":55},"end":{"line":139,"column":83}}]},"23":{"type":"branch","line":139,"loc":{"start":{"line":139,"column":83},"end":{"line":146,"column":7}},"locations":[{"start":{"line":139,"column":83},"end":{"line":146,"column":7}}]},"24":{"type":"branch","line":146,"loc":{"start":{"line":146,"column":6},"end":{"line":153,"column":8}},"locations":[{"start":{"line":146,"column":6},"end":{"line":153,"column":8}}]},"25":{"type":"branch","line":157,"loc":{"start":{"line":157,"column":38},"end":{"line":171,"column":5}},"locations":[{"start":{"line":157,"column":38},"end":{"line":171,"column":5}}]},"26":{"type":"branch","line":159,"loc":{"start":{"line":159,"column":16},"end":{"line":169,"column":5}},"locations":[{"start":{"line":159,"column":16},"end":{"line":169,"column":5}}]},"27":{"type":"branch","line":161,"loc":{"start":{"line":161,"column":31},"end":{"line":161,"column":58}},"locations":[{"start":{"line":161,"column":31},"end":{"line":161,"column":58}}]},"28":{"type":"branch","line":161,"loc":{"start":{"line":161,"column":58},"end":{"line":167,"column":7}},"locations":[{"start":{"line":161,"column":58},"end":{"line":167,"column":7}}]},"29":{"type":"branch","line":167,"loc":{"start":{"line":167,"column":6},"end":{"line":168,"column":18}},"locations":[{"start":{"line":167,"column":6},"end":{"line":168,"column":18}}]},"30":{"type":"branch","line":173,"loc":{"start":{"line":173,"column":38},"end":{"line":178,"column":5}},"locations":[{"start":{"line":173,"column":38},"end":{"line":178,"column":5}}]},"31":{"type":"branch","line":174,"loc":{"start":{"line":174,"column":16},"end":{"line":177,"column":6}},"locations":[{"start":{"line":174,"column":16},"end":{"line":177,"column":6}}]},"32":{"type":"branch","line":180,"loc":{"start":{"line":180,"column":37},"end":{"line":190,"column":5}},"locations":[{"start":{"line":180,"column":37},"end":{"line":190,"column":5}}]},"33":{"type":"branch","line":181,"loc":{"start":{"line":181,"column":16},"end":{"line":189,"column":5}},"locations":[{"start":{"line":181,"column":16},"end":{"line":189,"column":5}}]},"34":{"type":"branch","line":182,"loc":{"start":{"line":182,"column":48},"end":{"line":184,"column":7}},"locations":[{"start":{"line":182,"column":48},"end":{"line":184,"column":7}}]},"35":{"type":"branch","line":184,"loc":{"start":{"line":184,"column":6},"end":{"line":188,"column":8}},"locations":[{"start":{"line":184,"column":6},"end":{"line":188,"column":8}}]},"36":{"type":"branch","line":192,"loc":{"start":{"line":192,"column":37},"end":{"line":202,"column":5}},"locations":[{"start":{"line":192,"column":37},"end":{"line":202,"column":5}}]},"37":{"type":"branch","line":193,"loc":{"start":{"line":193,"column":16},"end":{"line":201,"column":5}},"locations":[{"start":{"line":193,"column":16},"end":{"line":201,"column":5}}]},"38":{"type":"branch","line":194,"loc":{"start":{"line":194,"column":46},"end":{"line":196,"column":7}},"locations":[{"start":{"line":194,"column":46},"end":{"line":196,"column":7}}]},"39":{"type":"branch","line":196,"loc":{"start":{"line":196,"column":6},"end":{"line":200,"column":8}},"locations":[{"start":{"line":196,"column":6},"end":{"line":200,"column":8}}]},"40":{"type":"branch","line":228,"loc":{"start":{"line":228,"column":38},"end":{"line":236,"column":5}},"locations":[{"start":{"line":228,"column":38},"end":{"line":236,"column":5}}]},"41":{"type":"branch","line":229,"loc":{"start":{"line":229,"column":16},"end":{"line":235,"column":6}},"locations":[{"start":{"line":229,"column":16},"end":{"line":235,"column":6}}]},"42":{"type":"branch","line":233,"loc":{"start":{"line":233,"column":49},"end":{"line":233,"column":57}},"locations":[{"start":{"line":233,"column":49},"end":{"line":233,"column":57}}]},"43":{"type":"branch","line":238,"loc":{"start":{"line":238,"column":40},"end":{"line":249,"column":5}},"locations":[{"start":{"line":238,"column":40},"end":{"line":249,"column":5}}]},"44":{"type":"branch","line":239,"loc":{"start":{"line":239,"column":16},"end":{"line":248,"column":5}},"locations":[{"start":{"line":239,"column":16},"end":{"line":248,"column":5}}]},"45":{"type":"branch","line":240,"loc":{"start":{"line":240,"column":53},"end":{"line":242,"column":7}},"locations":[{"start":{"line":240,"column":53},"end":{"line":242,"column":7}}]},"46":{"type":"branch","line":242,"loc":{"start":{"line":242,"column":6},"end":{"line":247,"column":8}},"locations":[{"start":{"line":242,"column":6},"end":{"line":247,"column":8}}]},"47":{"type":"branch","line":251,"loc":{"start":{"line":251,"column":31},"end":{"line":269,"column":5}},"locations":[{"start":{"line":251,"column":31},"end":{"line":269,"column":5}}]},"48":{"type":"branch","line":254,"loc":{"start":{"line":254,"column":31},"end":{"line":255,"column":89}},"locations":[{"start":{"line":254,"column":31},"end":{"line":255,"column":89}}]},"49":{"type":"branch","line":255,"loc":{"start":{"line":255,"column":83},"end":{"line":256,"column":12}},"locations":[{"start":{"line":255,"column":83},"end":{"line":256,"column":12}}]},"50":{"type":"branch","line":255,"loc":{"start":{"line":255,"column":33},"end":{"line":255,"column":62}},"locations":[{"start":{"line":255,"column":33},"end":{"line":255,"column":62}}]}},"b":{"0":[23],"1":[23],"2":[23],"3":[0],"4":[11],"5":[12],"6":[1],"7":[51],"8":[0],"9":[83],"10":[23],"11":[74],"12":[51],"13":[46],"14":[23],"15":[23],"16":[23],"17":[7],"18":[16],"19":[1],"20":[15],"21":[14],"22":[1],"23":[1],"24":[14],"25":[3],"26":[3],"27":[2],"28":[1],"29":[2],"30":[1],"31":[1],"32":[4],"33":[4],"34":[1],"35":[3],"36":[3],"37":[3],"38":[1],"39":[2],"40":[3],"41":[3],"42":[2],"43":[3],"44":[3],"45":[1],"46":[2],"47":[2],"48":[1],"49":[1],"50":[2]},"fnMap":{"0":{"name":"getToday","decl":{"start":{"line":61,"column":0},"end":{"line":63,"column":1}},"loc":{"start":{"line":61,"column":0},"end":{"line":63,"column":1}},"line":61},"1":{"name":"getYesterday","decl":{"start":{"line":65,"column":0},"end":{"line":69,"column":1}},"loc":{"start":{"line":65,"column":0},"end":{"line":69,"column":1}},"line":65},"2":{"name":"loadProgress","decl":{"start":{"line":71,"column":0},"end":{"line":84,"column":1}},"loc":{"start":{"line":71,"column":0},"end":{"line":84,"column":1}},"line":71},"3":{"name":"saveProgress","decl":{"start":{"line":86,"column":0},"end":{"line":92,"column":1}},"loc":{"start":{"line":86,"column":0},"end":{"line":92,"column":1}},"line":86},"4":{"name":"ProgressProvider","decl":{"start":{"line":94,"column":7},"end":{"line":290,"column":1}},"loc":{"start":{"line":94,"column":7},"end":{"line":290,"column":1}},"line":94}},"f":{"0":23,"1":23,"2":23,"3":51,"4":83}}
}
